Using pre-set license
Built from '2020.2/release' branch; Version is '2020.2.1f1 (270dd8c3da1c) revision 2559448'; Using compiler version '192528614'; Build Type 'Release'
OS: 'Windows 10  (10.0.0) 64bit' Language: 'ko' Physical Memory: 16233 MB
BatchMode: 1, IsHumanControllingUs: 0, StartBugReporterOnCrash: 0, Is64bit: 1, IsPro: 0

 COMMAND LINE ARGUMENTS:
F:\Unity\2020.2.1f1\Editor\Unity.exe
-adb2
-batchMode
-noUpm
-name
AssetImportWorker0
-projectPath
C:/Users/ROG/Desktop/Git/newdestoryunity/InheritEngine
-logFile
Logs/AssetImportWorker0.log
-srvPort
51954
Successfully changed project path to: C:/Users/ROG/Desktop/Git/newdestoryunity/InheritEngine
C:/Users/ROG/Desktop/Git/newdestoryunity/InheritEngine
Using Asset Import Pipeline V2.
Refreshing native plugins compatible for Editor in 33.02 ms, found 1 plugins.
Preloading 0 native plugins for Editor in 0.00 ms.
Initialize engine version: 2020.2.1f1 (270dd8c3da1c)
[Subsystems] Discovering subsystems at path F:/Unity/2020.2.1f1/Editor/Data/Resources/UnitySubsystems
[Subsystems] Discovering subsystems at path C:/Users/ROG/Desktop/Git/newdestoryunity/InheritEngine/Assets
GfxDevice: creating device client; threaded=0
Direct3D:
    Version:  Direct3D 11.0 [level 11.1]
    Renderer: NVIDIA GeForce RTX 2060 (ID=0x1f11)
    Vendor:   
    VRAM:     5980 MB
    Driver:   26.21.14.4193
Initialize mono
Mono path[0] = 'F:/Unity/2020.2.1f1/Editor/Data/Managed'
Mono path[1] = 'F:/Unity/2020.2.1f1/Editor/Data/MonoBleedingEdge/lib/mono/unityjit'
Mono config path = 'F:/Unity/2020.2.1f1/Editor/Data/MonoBleedingEdge/etc'
Using monoOptions --debugger-agent=transport=dt_socket,embedding=1,server=y,suspend=n,address=127.0.0.1:56456
Begin MonoManager ReloadAssembly
Registering precompiled unity dll's ...
Register platform support module: F:/Unity/2020.2.1f1/Editor/Data/PlaybackEngines/WindowsStandaloneSupport/UnityEditor.WindowsStandalone.Extensions.dll
Registered in 0.001042 seconds.
Native extension for WindowsStandalone target not found
Refreshing native plugins compatible for Editor in 31.37 ms, found 1 plugins.
Preloading 0 native plugins for Editor in 0.00 ms.
Invoked RoslynAnalysisRunner static constructor.
RoslynAnalysisRunner will not be running.
RoslynAnalysisRunner has terminated.
Mono: successfully reloaded assembly
- Completed reload, in  1.534 seconds
Platform modules already initialized, skipping
Registering precompiled user dll's ...
Registered in 0.001211 seconds.
Begin MonoManager ReloadAssembly
Native extension for WindowsStandalone target not found
Refreshing native plugins compatible for Editor in 31.51 ms, found 1 plugins.
Preloading 0 native plugins for Editor in 0.00 ms.
Invoked RoslynAnalysisRunner static constructor.
RoslynAnalysisRunner will not be running.
RoslynAnalysisRunner has terminated.
Mono: successfully reloaded assembly
- Completed reload, in  0.855 seconds
Platform modules already initialized, skipping
========================================================================
Worker process is ready to serve import requests
Launched and connected shader compiler UnityShaderCompiler.exe after 0.05 seconds
Refreshing native plugins compatible for Editor in 0.32 ms, found 1 plugins.
Preloading 0 native plugins for Editor in 0.00 ms.
Unloading 1793 Unused Serialized files (Serialized files now loaded: 0)
System memory in use before: 83.7 MB.
System memory in use after: 83.7 MB.

Unloading 24 unused Assets to reduce memory usage. Loaded Objects now: 2232.
Total: 2.284600 ms (FindLiveObjects: 0.212100 ms CreateObjectMapping: 0.105500 ms MarkObjects: 1.867400 ms  DeleteObjects: 0.098400 ms)

========================================================================
Received Import Request.
  path: Assets/00. Scenes/StartScene.unity
  artifactKey: Guid(d75eb68d66212164f92257619a78c136) Importer(815301076,1909f56bfc062723c751e8b465ee728b)
Start importing Assets/00. Scenes/StartScene.unity using Guid(d75eb68d66212164f92257619a78c136) Importer(815301076,1909f56bfc062723c751e8b465ee728b)  -> (artifact id: 'ad85c60a4ac11066cce0c0860f07e8b5') in 0.044275 seconds
  Import took 0.046975 seconds .

========================================================================
Received Import Request.
  Time since last request: 0.000269 seconds.
  path: Assets/00. Scenes/StageSelect.unity
  artifactKey: Guid(f18c06e9b81e94042a0093b02bcad394) Importer(815301076,1909f56bfc062723c751e8b465ee728b)
Start importing Assets/00. Scenes/StageSelect.unity using Guid(f18c06e9b81e94042a0093b02bcad394) Importer(815301076,1909f56bfc062723c751e8b465ee728b)  -> (artifact id: '9fa0f4eea71e1d2b2db2522b42aef3a1') in 0.003187 seconds
  Import took 0.005484 seconds .

========================================================================
Received Import Request.
  Time since last request: 953.383916 seconds.
  path: Assets/02. Sprites/UI/region1.png
  artifactKey: Guid(234c4f20e46dbb24da733adafb4f7fc8) Importer(815301076,1909f56bfc062723c751e8b465ee728b)
Start importing Assets/02. Sprites/UI/region1.png using Guid(234c4f20e46dbb24da733adafb4f7fc8) Importer(815301076,1909f56bfc062723c751e8b465ee728b)  -> (artifact id: 'ea667475c5188baa8bb14f8aee1031fd') in 0.093218 seconds
  Import took 0.096396 seconds .

========================================================================
Received Prepare
Registering precompiled user dll's ...
Registered in 0.001272 seconds.
Begin MonoManager ReloadAssembly
Native extension for WindowsStandalone target not found
Refreshing native plugins compatible for Editor in 0.35 ms, found 1 plugins.
Preloading 0 native plugins for Editor in 0.00 ms.
Invoked RoslynAnalysisRunner static constructor.
RoslynAnalysisRunner will not be running.
RoslynAnalysisRunner has terminated.
Mono: successfully reloaded assembly
- Completed reload, in  0.860 seconds
Platform modules already initialized, skipping
Refreshing native plugins compatible for Editor in 0.31 ms, found 1 plugins.
Preloading 0 native plugins for Editor in 0.00 ms.
Unloading 1790 Unused Serialized files (Serialized files now loaded: 0)
System memory in use before: 86.8 MB.
System memory in use after: 86.8 MB.

Unloading 12 unused Assets to reduce memory usage. Loaded Objects now: 2241.
Total: 1.965600 ms (FindLiveObjects: 0.205300 ms CreateObjectMapping: 0.054500 ms MarkObjects: 1.531100 ms  DeleteObjects: 0.174100 ms)

========================================================================
Received Import Request.
  Time since last request: 233.072167 seconds.
  path: Assets/02. Sprites/UI/region1.png
  artifactKey: Guid(234c4f20e46dbb24da733adafb4f7fc8) Importer(815301076,1909f56bfc062723c751e8b465ee728b)
Start importing Assets/02. Sprites/UI/region1.png using Guid(234c4f20e46dbb24da733adafb4f7fc8) Importer(815301076,1909f56bfc062723c751e8b465ee728b)  -> (artifact id: 'fca393c21670a66cf87773e7321b47c4') in 0.053990 seconds
  Import took 0.057088 seconds .

========================================================================
Received Import Request.
  Time since last request: 6.149988 seconds.
  path: Assets/02. Sprites/UI/region3.png
  artifactKey: Guid(f9d9a1bfe76790e4ca3c647698254570) Importer(815301076,1909f56bfc062723c751e8b465ee728b)
Start importing Assets/02. Sprites/UI/region3.png using Guid(f9d9a1bfe76790e4ca3c647698254570) Importer(815301076,1909f56bfc062723c751e8b465ee728b)  -> (artifact id: '0aff2da10704677d4af2032ff9bcf45b') in 0.012789 seconds
  Import took 0.015689 seconds .

========================================================================
Received Import Request.
  Time since last request: 0.965891 seconds.
  path: Assets/02. Sprites/UI/region2.png
  artifactKey: Guid(bf6199609e07a5f45842402eb4588e0b) Importer(815301076,1909f56bfc062723c751e8b465ee728b)
Start importing Assets/02. Sprites/UI/region2.png using Guid(bf6199609e07a5f45842402eb4588e0b) Importer(815301076,1909f56bfc062723c751e8b465ee728b)  -> (artifact id: 'e89cc896759d9e76f9e780f160630e15') in 0.017833 seconds
  Import took 0.020665 seconds .

========================================================================
Received Prepare
Registering precompiled user dll's ...
Registered in 0.005470 seconds.
Begin MonoManager ReloadAssembly
Native extension for WindowsStandalone target not found
Refreshing native plugins compatible for Editor in 0.34 ms, found 1 plugins.
Preloading 0 native plugins for Editor in 0.00 ms.
Invoked RoslynAnalysisRunner static constructor.
RoslynAnalysisRunner will not be running.
RoslynAnalysisRunner has terminated.
Mono: successfully reloaded assembly
- Completed reload, in  0.817 seconds
Platform modules already initialized, skipping
Refreshing native plugins compatible for Editor in 0.33 ms, found 1 plugins.
Preloading 0 native plugins for Editor in 0.00 ms.
Unloading 1791 Unused Serialized files (Serialized files now loaded: 0)
System memory in use before: 86.9 MB.
System memory in use after: 86.9 MB.

Unloading 12 unused Assets to reduce memory usage. Loaded Objects now: 2245.
Total: 2.031500 ms (FindLiveObjects: 0.220900 ms CreateObjectMapping: 0.074200 ms MarkObjects: 1.647900 ms  DeleteObjects: 0.087600 ms)

========================================================================
Received Prepare
Registering precompiled user dll's ...
Registered in 0.001240 seconds.
Begin MonoManager ReloadAssembly
Native extension for WindowsStandalone target not found
Refreshing native plugins compatible for Editor in 0.39 ms, found 1 plugins.
Preloading 0 native plugins for Editor in 0.00 ms.
Invoked RoslynAnalysisRunner static constructor.
RoslynAnalysisRunner will not be running.
RoslynAnalysisRunner has terminated.
Mono: successfully reloaded assembly
- Completed reload, in  0.847 seconds
Platform modules already initialized, skipping
Refreshing native plugins compatible for Editor in 0.31 ms, found 1 plugins.
Preloading 0 native plugins for Editor in 0.00 ms.
Unloading 1791 Unused Serialized files (Serialized files now loaded: 0)
System memory in use before: 87.0 MB.
System memory in use after: 87.0 MB.

Unloading 12 unused Assets to reduce memory usage. Loaded Objects now: 2248.
Total: 1.998400 ms (FindLiveObjects: 0.166300 ms CreateObjectMapping: 0.124500 ms MarkObjects: 1.620800 ms  DeleteObjects: 0.086000 ms)

========================================================================
Received Import Request.
  Time since last request: 320.550703 seconds.
  path: Assets/01. Scripts/UIManager.cs
  artifactKey: Guid(9f3e0cabd15511f40b3365bbe7868ca1) Importer(815301076,1909f56bfc062723c751e8b465ee728b)
Start importing Assets/01. Scripts/UIManager.cs using Guid(9f3e0cabd15511f40b3365bbe7868ca1) Importer(815301076,1909f56bfc062723c751e8b465ee728b)  -> (artifact id: 'd4de4a69ad3ca3a6074b6fe522b71681') in 0.007453 seconds
  Import took 0.010293 seconds .

========================================================================
Received Prepare
Registering precompiled user dll's ...
Registered in 0.001904 seconds.
Begin MonoManager ReloadAssembly
Native extension for WindowsStandalone target not found
Refreshing native plugins compatible for Editor in 0.33 ms, found 1 plugins.
Preloading 0 native plugins for Editor in 0.00 ms.
Invoked RoslynAnalysisRunner static constructor.
RoslynAnalysisRunner will not be running.
RoslynAnalysisRunner has terminated.
Mono: successfully reloaded assembly
- Completed reload, in  0.834 seconds
Platform modules already initialized, skipping
Refreshing native plugins compatible for Editor in 0.32 ms, found 1 plugins.
Preloading 0 native plugins for Editor in 0.00 ms.
Unloading 1791 Unused Serialized files (Serialized files now loaded: 0)
System memory in use before: 87.1 MB.
System memory in use after: 87.1 MB.

Unloading 12 unused Assets to reduce memory usage. Loaded Objects now: 2251.
Total: 2.576200 ms (FindLiveObjects: 0.200700 ms CreateObjectMapping: 0.076400 ms MarkObjects: 2.193300 ms  DeleteObjects: 0.104400 ms)

========================================================================
Received Prepare
Registering precompiled user dll's ...
Registered in 0.001164 seconds.
Begin MonoManager ReloadAssembly
Native extension for WindowsStandalone target not found
Refreshing native plugins compatible for Editor in 0.34 ms, found 1 plugins.
Preloading 0 native plugins for Editor in 0.00 ms.
Invoked RoslynAnalysisRunner static constructor.
RoslynAnalysisRunner will not be running.
RoslynAnalysisRunner has terminated.
Mono: successfully reloaded assembly
- Completed reload, in  0.790 seconds
Platform modules already initialized, skipping
Refreshing native plugins compatible for Editor in 0.31 ms, found 1 plugins.
Preloading 0 native plugins for Editor in 0.00 ms.
Unloading 1791 Unused Serialized files (Serialized files now loaded: 0)
System memory in use before: 87.2 MB.
System memory in use after: 87.2 MB.

Unloading 12 unused Assets to reduce memory usage. Loaded Objects now: 2254.
Total: 2.062000 ms (FindLiveObjects: 0.277400 ms CreateObjectMapping: 0.095300 ms MarkObjects: 1.559600 ms  DeleteObjects: 0.128900 ms)

========================================================================
Received Prepare
Registering precompiled user dll's ...
Registered in 0.001152 seconds.
Begin MonoManager ReloadAssembly
Native extension for WindowsStandalone target not found
Refreshing native plugins compatible for Editor in 0.74 ms, found 1 plugins.
Preloading 0 native plugins for Editor in 0.00 ms.
Invoked RoslynAnalysisRunner static constructor.
RoslynAnalysisRunner will not be running.
RoslynAnalysisRunner has terminated.
Mono: successfully reloaded assembly
- Completed reload, in  0.896 seconds
Platform modules already initialized, skipping
Refreshing native plugins compatible for Editor in 0.33 ms, found 1 plugins.
Preloading 0 native plugins for Editor in 0.00 ms.
Unloading 1791 Unused Serialized files (Serialized files now loaded: 0)
System memory in use before: 87.2 MB.
System memory in use after: 87.2 MB.

Unloading 12 unused Assets to reduce memory usage. Loaded Objects now: 2257.
Total: 1.724900 ms (FindLiveObjects: 0.177300 ms CreateObjectMapping: 0.060600 ms MarkObjects: 1.401200 ms  DeleteObjects: 0.084900 ms)

========================================================================
Received Prepare
Registering precompiled user dll's ...
Registered in 0.008691 seconds.
Begin MonoManager ReloadAssembly
Native extension for WindowsStandalone target not found
Refreshing native plugins compatible for Editor in 0.33 ms, found 1 plugins.
Preloading 0 native plugins for Editor in 0.00 ms.
Invoked RoslynAnalysisRunner static constructor.
RoslynAnalysisRunner will not be running.
RoslynAnalysisRunner has terminated.
Mono: successfully reloaded assembly
- Completed reload, in  0.844 seconds
Platform modules already initialized, skipping
Refreshing native plugins compatible for Editor in 0.32 ms, found 1 plugins.
Preloading 0 native plugins for Editor in 0.00 ms.
Unloading 1791 Unused Serialized files (Serialized files now loaded: 0)
System memory in use before: 87.3 MB.
System memory in use after: 87.3 MB.

Unloading 12 unused Assets to reduce memory usage. Loaded Objects now: 2260.
Total: 1.990400 ms (FindLiveObjects: 0.242500 ms CreateObjectMapping: 0.079500 ms MarkObjects: 1.577500 ms  DeleteObjects: 0.089800 ms)

========================================================================
Received Import Request.
  Time since last request: 439.300388 seconds.
  path: Assets/01. Scripts/GameManager.cs
  artifactKey: Guid(8bd7de32bcbb70245bd67dcb6c519ac1) Importer(815301076,1909f56bfc062723c751e8b465ee728b)
Start importing Assets/01. Scripts/GameManager.cs using Guid(8bd7de32bcbb70245bd67dcb6c519ac1) Importer(815301076,1909f56bfc062723c751e8b465ee728b)  -> (artifact id: '93ff47f88416fc3b8f3f3b787847057d') in 0.005316 seconds
  Import took 0.008045 seconds .

========================================================================
Received Import Request.
  Time since last request: 69.751811 seconds.
  path: Assets/01. Scripts/VO
  artifactKey: Guid(c4419b3a64af7384eb613084ac62193b) Importer(815301076,1909f56bfc062723c751e8b465ee728b)
Start importing Assets/01. Scripts/VO using Guid(c4419b3a64af7384eb613084ac62193b) Importer(815301076,1909f56bfc062723c751e8b465ee728b)  -> (artifact id: '3a4060ff2b9bcd77793923e7cf2f8e3d') in 0.004212 seconds
  Import took 0.006966 seconds .

========================================================================
Received Import Request.
  Time since last request: 6.700507 seconds.
  path: Assets/01. Scripts/VO/SkillDataVO.cs
  artifactKey: Guid(1b9057048e34f3443bd92f74b3e3ebed) Importer(815301076,1909f56bfc062723c751e8b465ee728b)
Start importing Assets/01. Scripts/VO/SkillDataVO.cs using Guid(1b9057048e34f3443bd92f74b3e3ebed) Importer(815301076,1909f56bfc062723c751e8b465ee728b)  -> (artifact id: 'a4a0d89aa00665e654c828269b9b79a1') in 0.004845 seconds
  Import took 0.008324 seconds .

========================================================================
Received Prepare
Registering precompiled user dll's ...
Registered in 0.001154 seconds.
Begin MonoManager ReloadAssembly
Native extension for WindowsStandalone target not found
Refreshing native plugins compatible for Editor in 0.37 ms, found 1 plugins.
Preloading 0 native plugins for Editor in 0.00 ms.
Invoked RoslynAnalysisRunner static constructor.
RoslynAnalysisRunner will not be running.
RoslynAnalysisRunner has terminated.
Mono: successfully reloaded assembly
- Completed reload, in  0.869 seconds
Platform modules already initialized, skipping
Refreshing native plugins compatible for Editor in 0.53 ms, found 1 plugins.
Preloading 0 native plugins for Editor in 0.00 ms.
Unloading 1792 Unused Serialized files (Serialized files now loaded: 0)
System memory in use before: 87.4 MB.
System memory in use after: 87.4 MB.

Unloading 12 unused Assets to reduce memory usage. Loaded Objects now: 2264.
Total: 2.275700 ms (FindLiveObjects: 0.282800 ms CreateObjectMapping: 0.082000 ms MarkObjects: 1.784600 ms  DeleteObjects: 0.124700 ms)

========================================================================
Received Prepare
Registering precompiled user dll's ...
Registered in 0.001215 seconds.
Begin MonoManager ReloadAssembly
Native extension for WindowsStandalone target not found
Refreshing native plugins compatible for Editor in 0.43 ms, found 1 plugins.
Preloading 0 native plugins for Editor in 0.00 ms.
Invoked RoslynAnalysisRunner static constructor.
RoslynAnalysisRunner will not be running.
RoslynAnalysisRunner has terminated.
Mono: successfully reloaded assembly
- Completed reload, in  0.952 seconds
Platform modules already initialized, skipping
Refreshing native plugins compatible for Editor in 0.34 ms, found 1 plugins.
Preloading 0 native plugins for Editor in 0.00 ms.
Unloading 1792 Unused Serialized files (Serialized files now loaded: 0)
System memory in use before: 87.4 MB.
System memory in use after: 87.4 MB.

Unloading 12 unused Assets to reduce memory usage. Loaded Objects now: 2267.
Total: 2.039100 ms (FindLiveObjects: 0.219500 ms CreateObjectMapping: 0.071200 ms MarkObjects: 1.652900 ms  DeleteObjects: 0.094000 ms)

========================================================================
Received Import Request.
  Time since last request: 346.806261 seconds.
  path: Assets/01. Scripts/VO/SkillDataVO.cs
  artifactKey: Guid(1b9057048e34f3443bd92f74b3e3ebed) Importer(815301076,1909f56bfc062723c751e8b465ee728b)
Start importing Assets/01. Scripts/VO/SkillDataVO.cs using Guid(1b9057048e34f3443bd92f74b3e3ebed) Importer(815301076,1909f56bfc062723c751e8b465ee728b)  -> (artifact id: 'c2e20f8c45f42d5393501cf4c619089a') in 0.005519 seconds
  Import took 0.008962 seconds .

AssetImportWorkerClient::OnTransportError - code=2 error=End of file
