Using pre-set license
Built from '2020.2/release' branch; Version is '2020.2.1f1 (270dd8c3da1c) revision 2559448'; Using compiler version '192528614'; Build Type 'Release'
OS: 'Windows 10  (10.0.0) 64bit' Language: 'ko' Physical Memory: 16233 MB
BatchMode: 1, IsHumanControllingUs: 0, StartBugReporterOnCrash: 0, Is64bit: 1, IsPro: 0

 COMMAND LINE ARGUMENTS:
F:\Unity\2020.2.1f1\Editor\Unity.exe
-adb2
-batchMode
-noUpm
-name
AssetImportWorker0
-projectPath
C:/Users/ROG/Desktop/Git/newdestoryunity/Coroutine
-logFile
Logs/AssetImportWorker0.log
-srvPort
50574
Successfully changed project path to: C:/Users/ROG/Desktop/Git/newdestoryunity/Coroutine
C:/Users/ROG/Desktop/Git/newdestoryunity/Coroutine
Using Asset Import Pipeline V2.
Refreshing native plugins compatible for Editor in 20.53 ms, found 0 plugins.
Preloading 0 native plugins for Editor in 0.00 ms.
Initialize engine version: 2020.2.1f1 (270dd8c3da1c)
[Subsystems] Discovering subsystems at path F:/Unity/2020.2.1f1/Editor/Data/Resources/UnitySubsystems
[Subsystems] Discovering subsystems at path C:/Users/ROG/Desktop/Git/newdestoryunity/Coroutine/Assets
GfxDevice: creating device client; threaded=0
Direct3D:
    Version:  Direct3D 11.0 [level 11.1]
    Renderer: NVIDIA GeForce RTX 2060 (ID=0x1f11)
    Vendor:   
    VRAM:     5980 MB
    Driver:   26.21.14.4193
Initialize mono
Mono path[0] = 'F:/Unity/2020.2.1f1/Editor/Data/Managed'
Mono path[1] = 'F:/Unity/2020.2.1f1/Editor/Data/MonoBleedingEdge/lib/mono/unityjit'
Mono config path = 'F:/Unity/2020.2.1f1/Editor/Data/MonoBleedingEdge/etc'
Using monoOptions --debugger-agent=transport=dt_socket,embedding=1,server=y,suspend=n,address=127.0.0.1:56516
Begin MonoManager ReloadAssembly
Registering precompiled unity dll's ...
Register platform support module: F:/Unity/2020.2.1f1/Editor/Data/PlaybackEngines/WindowsStandaloneSupport/UnityEditor.WindowsStandalone.Extensions.dll
Registered in 0.001002 seconds.
Native extension for WindowsStandalone target not found
Refreshing native plugins compatible for Editor in 20.01 ms, found 0 plugins.
Preloading 0 native plugins for Editor in 0.00 ms.
Invoked RoslynAnalysisRunner static constructor.
RoslynAnalysisRunner will not be running.
RoslynAnalysisRunner has terminated.
Mono: successfully reloaded assembly
- Completed reload, in  1.390 seconds
Platform modules already initialized, skipping
Registering precompiled user dll's ...
Registered in 0.000735 seconds.
Begin MonoManager ReloadAssembly
Native extension for WindowsStandalone target not found
Refreshing native plugins compatible for Editor in 0.19 ms, found 0 plugins.
Preloading 0 native plugins for Editor in 0.00 ms.
Invoked RoslynAnalysisRunner static constructor.
RoslynAnalysisRunner will not be running.
RoslynAnalysisRunner has terminated.
Mono: successfully reloaded assembly
- Completed reload, in  0.797 seconds
Platform modules already initialized, skipping
========================================================================
Worker process is ready to serve import requests
Launched and connected shader compiler UnityShaderCompiler.exe after 0.03 seconds
Refreshing native plugins compatible for Editor in 0.22 ms, found 0 plugins.
Preloading 0 native plugins for Editor in 0.00 ms.
Unloading 1098 Unused Serialized files (Serialized files now loaded: 0)
System memory in use before: 56.1 MB.
System memory in use after: 56.1 MB.

Unloading 10 unused Assets to reduce memory usage. Loaded Objects now: 1538.
Total: 1.671600 ms (FindLiveObjects: 0.203300 ms CreateObjectMapping: 0.080000 ms MarkObjects: 1.329600 ms  DeleteObjects: 0.056900 ms)

========================================================================
Received Import Request.
  path: Assets/Script/ReflectionScript.cs
  artifactKey: Guid(55ccfe5d1d2c5c04bb12acf5a9be90ac) Importer(815301076,1909f56bfc062723c751e8b465ee728b)
Start importing Assets/Script/ReflectionScript.cs using Guid(55ccfe5d1d2c5c04bb12acf5a9be90ac) Importer(815301076,1909f56bfc062723c751e8b465ee728b)  -> (artifact id: 'c0f03360ddc0cde63777d345aff3650d') in 0.020528 seconds
  Import took 0.022300 seconds .

========================================================================
Received Prepare
Registering precompiled user dll's ...
Registered in 0.000752 seconds.
Begin MonoManager ReloadAssembly
Native extension for WindowsStandalone target not found
Refreshing native plugins compatible for Editor in 0.20 ms, found 0 plugins.
Preloading 0 native plugins for Editor in 0.00 ms.
Invoked RoslynAnalysisRunner static constructor.
RoslynAnalysisRunner will not be running.
RoslynAnalysisRunner has terminated.
Mono: successfully reloaded assembly
- Completed reload, in  0.750 seconds
Platform modules already initialized, skipping
Refreshing native plugins compatible for Editor in 0.30 ms, found 0 plugins.
Preloading 0 native plugins for Editor in 0.00 ms.
Unloading 1093 Unused Serialized files (Serialized files now loaded: 0)
System memory in use before: 56.1 MB.
System memory in use after: 56.2 MB.

Unloading 5 unused Assets to reduce memory usage. Loaded Objects now: 1540.
Total: 1.594000 ms (FindLiveObjects: 0.168600 ms CreateObjectMapping: 0.034300 ms MarkObjects: 1.305700 ms  DeleteObjects: 0.084200 ms)

========================================================================
Received Prepare
Registering precompiled user dll's ...
Registered in 0.001659 seconds.
Begin MonoManager ReloadAssembly
Native extension for WindowsStandalone target not found
Refreshing native plugins compatible for Editor in 0.18 ms, found 0 plugins.
Preloading 0 native plugins for Editor in 0.00 ms.
Invoked RoslynAnalysisRunner static constructor.
RoslynAnalysisRunner will not be running.
RoslynAnalysisRunner has terminated.
Mono: successfully reloaded assembly
- Completed reload, in  0.726 seconds
Platform modules already initialized, skipping
Refreshing native plugins compatible for Editor in 0.18 ms, found 0 plugins.
Preloading 0 native plugins for Editor in 0.00 ms.
Unloading 1093 Unused Serialized files (Serialized files now loaded: 0)
System memory in use before: 56.2 MB.
System memory in use after: 56.3 MB.

Unloading 5 unused Assets to reduce memory usage. Loaded Objects now: 1542.
Total: 1.404400 ms (FindLiveObjects: 0.125400 ms CreateObjectMapping: 0.031400 ms MarkObjects: 1.211300 ms  DeleteObjects: 0.035500 ms)

========================================================================
Received Prepare
Registering precompiled user dll's ...
Registered in 0.001299 seconds.
Begin MonoManager ReloadAssembly
Native extension for WindowsStandalone target not found
Refreshing native plugins compatible for Editor in 0.24 ms, found 0 plugins.
Preloading 0 native plugins for Editor in 0.00 ms.
Invoked RoslynAnalysisRunner static constructor.
RoslynAnalysisRunner will not be running.
RoslynAnalysisRunner has terminated.
Mono: successfully reloaded assembly
- Completed reload, in  0.869 seconds
Platform modules already initialized, skipping
Refreshing native plugins compatible for Editor in 0.26 ms, found 0 plugins.
Preloading 0 native plugins for Editor in 0.00 ms.
Unloading 1093 Unused Serialized files (Serialized files now loaded: 0)
System memory in use before: 56.3 MB.
System memory in use after: 56.4 MB.

Unloading 5 unused Assets to reduce memory usage. Loaded Objects now: 1544.
Total: 2.268600 ms (FindLiveObjects: 0.280000 ms CreateObjectMapping: 0.079700 ms MarkObjects: 1.850500 ms  DeleteObjects: 0.055900 ms)

========================================================================
Received Prepare
Registering precompiled user dll's ...
Registered in 0.000756 seconds.
Begin MonoManager ReloadAssembly
Native extension for WindowsStandalone target not found
Refreshing native plugins compatible for Editor in 0.19 ms, found 0 plugins.
Preloading 0 native plugins for Editor in 0.00 ms.
Invoked RoslynAnalysisRunner static constructor.
RoslynAnalysisRunner will not be running.
RoslynAnalysisRunner has terminated.
Mono: successfully reloaded assembly
- Completed reload, in  0.744 seconds
Platform modules already initialized, skipping
Refreshing native plugins compatible for Editor in 0.23 ms, found 0 plugins.
Preloading 0 native plugins for Editor in 0.00 ms.
Unloading 1093 Unused Serialized files (Serialized files now loaded: 0)
System memory in use before: 56.4 MB.
System memory in use after: 56.5 MB.

Unloading 5 unused Assets to reduce memory usage. Loaded Objects now: 1546.
Total: 2.026300 ms (FindLiveObjects: 0.414800 ms CreateObjectMapping: 0.144700 ms MarkObjects: 1.422300 ms  DeleteObjects: 0.040500 ms)

========================================================================
Received Prepare
Registering precompiled user dll's ...
Registered in 0.003167 seconds.
Begin MonoManager ReloadAssembly
Native extension for WindowsStandalone target not found
Refreshing native plugins compatible for Editor in 0.20 ms, found 0 plugins.
Preloading 0 native plugins for Editor in 0.00 ms.
Invoked RoslynAnalysisRunner static constructor.
RoslynAnalysisRunner will not be running.
RoslynAnalysisRunner has terminated.
Mono: successfully reloaded assembly
- Completed reload, in  0.715 seconds
Platform modules already initialized, skipping
Refreshing native plugins compatible for Editor in 0.20 ms, found 0 plugins.
Preloading 0 native plugins for Editor in 0.00 ms.
Unloading 1093 Unused Serialized files (Serialized files now loaded: 0)
System memory in use before: 56.5 MB.
System memory in use after: 56.6 MB.

Unloading 5 unused Assets to reduce memory usage. Loaded Objects now: 1548.
Total: 1.653900 ms (FindLiveObjects: 0.129900 ms CreateObjectMapping: 0.044200 ms MarkObjects: 1.441400 ms  DeleteObjects: 0.036900 ms)

========================================================================
Received Prepare
Registering precompiled user dll's ...
Registered in 0.000741 seconds.
Begin MonoManager ReloadAssembly
Native extension for WindowsStandalone target not found
Refreshing native plugins compatible for Editor in 0.19 ms, found 0 plugins.
Preloading 0 native plugins for Editor in 0.00 ms.
Invoked RoslynAnalysisRunner static constructor.
RoslynAnalysisRunner will not be running.
RoslynAnalysisRunner has terminated.
Mono: successfully reloaded assembly
- Completed reload, in  0.693 seconds
Platform modules already initialized, skipping
Refreshing native plugins compatible for Editor in 0.18 ms, found 0 plugins.
Preloading 0 native plugins for Editor in 0.00 ms.
Unloading 1093 Unused Serialized files (Serialized files now loaded: 0)
System memory in use before: 56.6 MB.
System memory in use after: 56.7 MB.

Unloading 5 unused Assets to reduce memory usage. Loaded Objects now: 1550.
Total: 1.375900 ms (FindLiveObjects: 0.109200 ms CreateObjectMapping: 0.028800 ms MarkObjects: 1.204300 ms  DeleteObjects: 0.032800 ms)

========================================================================
Received Prepare
Registering precompiled user dll's ...
Registered in 0.000833 seconds.
Begin MonoManager ReloadAssembly
Native extension for WindowsStandalone target not found
Refreshing native plugins compatible for Editor in 0.19 ms, found 0 plugins.
Preloading 0 native plugins for Editor in 0.00 ms.
Invoked RoslynAnalysisRunner static constructor.
RoslynAnalysisRunner will not be running.
RoslynAnalysisRunner has terminated.
Mono: successfully reloaded assembly
- Completed reload, in  0.709 seconds
Platform modules already initialized, skipping
Refreshing native plugins compatible for Editor in 0.19 ms, found 0 plugins.
Preloading 0 native plugins for Editor in 0.00 ms.
Unloading 1093 Unused Serialized files (Serialized files now loaded: 0)
System memory in use before: 56.7 MB.
System memory in use after: 56.8 MB.

Unloading 5 unused Assets to reduce memory usage. Loaded Objects now: 1552.
Total: 1.649600 ms (FindLiveObjects: 0.135200 ms CreateObjectMapping: 0.033100 ms MarkObjects: 1.438700 ms  DeleteObjects: 0.041000 ms)

========================================================================
Received Prepare
Registering precompiled user dll's ...
Registered in 0.000775 seconds.
Begin MonoManager ReloadAssembly
Native extension for WindowsStandalone target not found
Refreshing native plugins compatible for Editor in 0.19 ms, found 0 plugins.
Preloading 0 native plugins for Editor in 0.00 ms.
Invoked RoslynAnalysisRunner static constructor.
RoslynAnalysisRunner will not be running.
RoslynAnalysisRunner has terminated.
Mono: successfully reloaded assembly
- Completed reload, in  0.757 seconds
Platform modules already initialized, skipping
Refreshing native plugins compatible for Editor in 0.18 ms, found 0 plugins.
Preloading 0 native plugins for Editor in 0.00 ms.
Unloading 1093 Unused Serialized files (Serialized files now loaded: 0)
System memory in use before: 56.8 MB.
System memory in use after: 56.8 MB.

Unloading 5 unused Assets to reduce memory usage. Loaded Objects now: 1554.
Total: 1.752200 ms (FindLiveObjects: 0.161800 ms CreateObjectMapping: 0.045900 ms MarkObjects: 1.504300 ms  DeleteObjects: 0.039200 ms)

========================================================================
Received Prepare
Registering precompiled user dll's ...
Registered in 0.000838 seconds.
Begin MonoManager ReloadAssembly
Native extension for WindowsStandalone target not found
Refreshing native plugins compatible for Editor in 0.21 ms, found 0 plugins.
Preloading 0 native plugins for Editor in 0.00 ms.
Invoked RoslynAnalysisRunner static constructor.
RoslynAnalysisRunner will not be running.
RoslynAnalysisRunner has terminated.
Mono: successfully reloaded assembly
- Completed reload, in  0.871 seconds
Platform modules already initialized, skipping
Refreshing native plugins compatible for Editor in 0.21 ms, found 0 plugins.
Preloading 0 native plugins for Editor in 0.00 ms.
Unloading 1093 Unused Serialized files (Serialized files now loaded: 0)
System memory in use before: 56.8 MB.
System memory in use after: 56.9 MB.

Unloading 5 unused Assets to reduce memory usage. Loaded Objects now: 1556.
Total: 1.762400 ms (FindLiveObjects: 0.143600 ms CreateObjectMapping: 0.039400 ms MarkObjects: 1.515500 ms  DeleteObjects: 0.062100 ms)

========================================================================
Received Prepare
Registering precompiled user dll's ...
Registered in 0.000763 seconds.
Begin MonoManager ReloadAssembly
Native extension for WindowsStandalone target not found
Refreshing native plugins compatible for Editor in 0.18 ms, found 0 plugins.
Preloading 0 native plugins for Editor in 0.00 ms.
Invoked RoslynAnalysisRunner static constructor.
RoslynAnalysisRunner will not be running.
RoslynAnalysisRunner has terminated.
Mono: successfully reloaded assembly
- Completed reload, in  0.700 seconds
Platform modules already initialized, skipping
Refreshing native plugins compatible for Editor in 0.18 ms, found 0 plugins.
Preloading 0 native plugins for Editor in 0.00 ms.
Unloading 1093 Unused Serialized files (Serialized files now loaded: 0)
System memory in use before: 56.9 MB.
System memory in use after: 57.0 MB.

Unloading 5 unused Assets to reduce memory usage. Loaded Objects now: 1558.
Total: 1.666600 ms (FindLiveObjects: 0.140700 ms CreateObjectMapping: 0.038500 ms MarkObjects: 1.446900 ms  DeleteObjects: 0.039000 ms)

========================================================================
Received Prepare
Registering precompiled user dll's ...
Registered in 0.000803 seconds.
Begin MonoManager ReloadAssembly
Native extension for WindowsStandalone target not found
Refreshing native plugins compatible for Editor in 0.18 ms, found 0 plugins.
Preloading 0 native plugins for Editor in 0.00 ms.
Invoked RoslynAnalysisRunner static constructor.
RoslynAnalysisRunner will not be running.
RoslynAnalysisRunner has terminated.
Mono: successfully reloaded assembly
- Completed reload, in  0.710 seconds
Platform modules already initialized, skipping
Refreshing native plugins compatible for Editor in 0.19 ms, found 0 plugins.
Preloading 0 native plugins for Editor in 0.00 ms.
Unloading 1093 Unused Serialized files (Serialized files now loaded: 0)
System memory in use before: 57.0 MB.
System memory in use after: 57.1 MB.

Unloading 5 unused Assets to reduce memory usage. Loaded Objects now: 1560.
Total: 1.540900 ms (FindLiveObjects: 0.127800 ms CreateObjectMapping: 0.032200 ms MarkObjects: 1.342600 ms  DeleteObjects: 0.037400 ms)

========================================================================
Received Prepare
Registering precompiled user dll's ...
Registered in 0.000772 seconds.
Begin MonoManager ReloadAssembly
Native extension for WindowsStandalone target not found
Refreshing native plugins compatible for Editor in 0.19 ms, found 0 plugins.
Preloading 0 native plugins for Editor in 0.00 ms.
Invoked RoslynAnalysisRunner static constructor.
RoslynAnalysisRunner will not be running.
RoslynAnalysisRunner has terminated.
Mono: successfully reloaded assembly
- Completed reload, in  0.834 seconds
Platform modules already initialized, skipping
Refreshing native plugins compatible for Editor in 0.18 ms, found 0 plugins.
Preloading 0 native plugins for Editor in 0.00 ms.
Unloading 1093 Unused Serialized files (Serialized files now loaded: 0)
System memory in use before: 57.1 MB.
System memory in use after: 57.1 MB.

Unloading 5 unused Assets to reduce memory usage. Loaded Objects now: 1562.
Total: 2.069800 ms (FindLiveObjects: 0.214500 ms CreateObjectMapping: 0.056900 ms MarkObjects: 1.749500 ms  DeleteObjects: 0.047600 ms)

========================================================================
Received Import Request.
  Time since last request: 1147.285865 seconds.
  path: Assets/Script/coroutine.cs
  artifactKey: Guid(fd5f57fc5d242a74fabf32e3b0ff3f75) Importer(815301076,1909f56bfc062723c751e8b465ee728b)
Start importing Assets/Script/coroutine.cs using Guid(fd5f57fc5d242a74fabf32e3b0ff3f75) Importer(815301076,1909f56bfc062723c751e8b465ee728b)  -> (artifact id: 'd77da9ca381e7cbb576833ade84aa8ae') in 0.005037 seconds
  Import took 0.006951 seconds .

========================================================================
Received Import Request.
  Time since last request: 0.024193 seconds.
  path: Assets/Script/coroutine.cs
  artifactKey: Guid(fd5f57fc5d242a74fabf32e3b0ff3f75) Importer(815301076,1909f56bfc062723c751e8b465ee728b)
Start importing Assets/Script/coroutine.cs using Guid(fd5f57fc5d242a74fabf32e3b0ff3f75) Importer(815301076,1909f56bfc062723c751e8b465ee728b)  -> (artifact id: 'd77da9ca381e7cbb576833ade84aa8ae') in 0.003233 seconds
  Import took 0.005140 seconds .

========================================================================
Received Import Request.
  Time since last request: 11.229967 seconds.
  path: Assets/Script/FadeCo.cs
  artifactKey: Guid(fd5f57fc5d242a74fabf32e3b0ff3f75) Importer(815301076,1909f56bfc062723c751e8b465ee728b)
Start importing Assets/Script/FadeCo.cs using Guid(fd5f57fc5d242a74fabf32e3b0ff3f75) Importer(815301076,1909f56bfc062723c751e8b465ee728b)  -> (artifact id: '0fbbfc5cdacaaf332fe003156c904402') in 0.005616 seconds
  Import took 0.008693 seconds .

========================================================================
Received Prepare
Registering precompiled user dll's ...
Registered in 0.000747 seconds.
Begin MonoManager ReloadAssembly
Native extension for WindowsStandalone target not found
Refreshing native plugins compatible for Editor in 0.19 ms, found 0 plugins.
Preloading 0 native plugins for Editor in 0.00 ms.
Invoked RoslynAnalysisRunner static constructor.
RoslynAnalysisRunner will not be running.
RoslynAnalysisRunner has terminated.
Mono: successfully reloaded assembly
- Completed reload, in  0.739 seconds
Platform modules already initialized, skipping
Refreshing native plugins compatible for Editor in 0.21 ms, found 0 plugins.
Preloading 0 native plugins for Editor in 0.00 ms.
Unloading 1094 Unused Serialized files (Serialized files now loaded: 0)
System memory in use before: 57.2 MB.
System memory in use after: 57.3 MB.

Unloading 5 unused Assets to reduce memory usage. Loaded Objects now: 1565.
Total: 1.436500 ms (FindLiveObjects: 0.127600 ms CreateObjectMapping: 0.036900 ms MarkObjects: 1.233300 ms  DeleteObjects: 0.037700 ms)

========================================================================
Received Prepare
Registering precompiled user dll's ...
Registered in 0.000747 seconds.
Begin MonoManager ReloadAssembly
Native extension for WindowsStandalone target not found
Refreshing native plugins compatible for Editor in 0.19 ms, found 0 plugins.
Preloading 0 native plugins for Editor in 0.00 ms.
Invoked RoslynAnalysisRunner static constructor.
RoslynAnalysisRunner will not be running.
RoslynAnalysisRunner has terminated.
Mono: successfully reloaded assembly
- Completed reload, in  0.704 seconds
Platform modules already initialized, skipping
Refreshing native plugins compatible for Editor in 0.19 ms, found 0 plugins.
Preloading 0 native plugins for Editor in 0.00 ms.
Unloading 1094 Unused Serialized files (Serialized files now loaded: 0)
System memory in use before: 57.3 MB.
System memory in use after: 57.4 MB.

Unloading 5 unused Assets to reduce memory usage. Loaded Objects now: 1567.
Total: 2.006800 ms (FindLiveObjects: 0.232000 ms CreateObjectMapping: 0.076300 ms MarkObjects: 1.612700 ms  DeleteObjects: 0.085100 ms)

========================================================================
Received Import Request.
  Time since last request: 190.298084 seconds.
  path: Assets/Script/NewBehaviourScript.cs
  artifactKey: Guid(c7a0780d4e3998a4793abde43c2c64e8) Importer(815301076,1909f56bfc062723c751e8b465ee728b)
Start importing Assets/Script/NewBehaviourScript.cs using Guid(c7a0780d4e3998a4793abde43c2c64e8) Importer(815301076,1909f56bfc062723c751e8b465ee728b)  -> (artifact id: 'c407d5ff8bc79449d49683cc193225b3') in 0.006550 seconds
  Import took 0.008791 seconds .

========================================================================
Received Import Request.
  Time since last request: 0.991855 seconds.
  path: Assets/Script/General.cs
  artifactKey: Guid(8db5305cc1e350d4ab9cfb7375dd6663) Importer(815301076,1909f56bfc062723c751e8b465ee728b)
Start importing Assets/Script/General.cs using Guid(8db5305cc1e350d4ab9cfb7375dd6663) Importer(815301076,1909f56bfc062723c751e8b465ee728b)  -> (artifact id: '163addb9427a151a97a7955b10105586') in 0.003412 seconds
  Import took 0.005642 seconds .

========================================================================
Received Import Request.
  Time since last request: 0.000580 seconds.
  path: Assets/Script/General.cs
  artifactKey: Guid(8db5305cc1e350d4ab9cfb7375dd6663) Importer(815301076,1909f56bfc062723c751e8b465ee728b)
Start importing Assets/Script/General.cs using Guid(8db5305cc1e350d4ab9cfb7375dd6663) Importer(815301076,1909f56bfc062723c751e8b465ee728b)  -> (artifact id: '163addb9427a151a97a7955b10105586') in 0.003781 seconds
  Import took 0.005630 seconds .

========================================================================
Received Prepare
Registering precompiled user dll's ...
Registered in 0.000825 seconds.
Begin MonoManager ReloadAssembly
Native extension for WindowsStandalone target not found
Refreshing native plugins compatible for Editor in 0.19 ms, found 0 plugins.
Preloading 0 native plugins for Editor in 0.00 ms.
Invoked RoslynAnalysisRunner static constructor.
RoslynAnalysisRunner will not be running.
RoslynAnalysisRunner has terminated.
Mono: successfully reloaded assembly
- Completed reload, in  0.766 seconds
Platform modules already initialized, skipping
Refreshing native plugins compatible for Editor in 0.19 ms, found 0 plugins.
Preloading 0 native plugins for Editor in 0.00 ms.
Unloading 1094 Unused Serialized files (Serialized files now loaded: 0)
System memory in use before: 57.4 MB.
System memory in use after: 57.5 MB.

Unloading 5 unused Assets to reduce memory usage. Loaded Objects now: 1569.
Total: 1.586900 ms (FindLiveObjects: 0.126000 ms CreateObjectMapping: 0.030900 ms MarkObjects: 1.394600 ms  DeleteObjects: 0.034500 ms)

========================================================================
Received Prepare
Registering precompiled user dll's ...
Registered in 0.000735 seconds.
Begin MonoManager ReloadAssembly
Native extension for WindowsStandalone target not found
Refreshing native plugins compatible for Editor in 0.19 ms, found 0 plugins.
Preloading 0 native plugins for Editor in 0.00 ms.
Invoked RoslynAnalysisRunner static constructor.
RoslynAnalysisRunner will not be running.
RoslynAnalysisRunner has terminated.
Mono: successfully reloaded assembly
- Completed reload, in  0.725 seconds
Platform modules already initialized, skipping
Refreshing native plugins compatible for Editor in 0.19 ms, found 0 plugins.
Preloading 0 native plugins for Editor in 0.00 ms.
Unloading 1094 Unused Serialized files (Serialized files now loaded: 0)
System memory in use before: 57.5 MB.
System memory in use after: 57.6 MB.

Unloading 5 unused Assets to reduce memory usage. Loaded Objects now: 1571.
Total: 1.430800 ms (FindLiveObjects: 0.131600 ms CreateObjectMapping: 0.037100 ms MarkObjects: 1.224500 ms  DeleteObjects: 0.036100 ms)

========================================================================
Received Prepare
Registering precompiled user dll's ...
Registered in 0.000801 seconds.
Begin MonoManager ReloadAssembly
Native extension for WindowsStandalone target not found
Refreshing native plugins compatible for Editor in 0.19 ms, found 0 plugins.
Preloading 0 native plugins for Editor in 0.00 ms.
Invoked RoslynAnalysisRunner static constructor.
RoslynAnalysisRunner will not be running.
RoslynAnalysisRunner has terminated.
Mono: successfully reloaded assembly
- Completed reload, in  0.695 seconds
Platform modules already initialized, skipping
Refreshing native plugins compatible for Editor in 0.21 ms, found 0 plugins.
Preloading 0 native plugins for Editor in 0.00 ms.
Unloading 1094 Unused Serialized files (Serialized files now loaded: 0)
System memory in use before: 57.6 MB.
System memory in use after: 57.6 MB.

Unloading 5 unused Assets to reduce memory usage. Loaded Objects now: 1573.
Total: 1.549100 ms (FindLiveObjects: 0.141200 ms CreateObjectMapping: 0.035400 ms MarkObjects: 1.337000 ms  DeleteObjects: 0.034700 ms)

========================================================================
Received Prepare
Registering precompiled user dll's ...
Registered in 0.001929 seconds.
Begin MonoManager ReloadAssembly
Native extension for WindowsStandalone target not found
Refreshing native plugins compatible for Editor in 0.19 ms, found 0 plugins.
Preloading 0 native plugins for Editor in 0.00 ms.
Invoked RoslynAnalysisRunner static constructor.
RoslynAnalysisRunner will not be running.
RoslynAnalysisRunner has terminated.
Mono: successfully reloaded assembly
- Completed reload, in  0.693 seconds
Platform modules already initialized, skipping
Refreshing native plugins compatible for Editor in 0.20 ms, found 0 plugins.
Preloading 0 native plugins for Editor in 0.00 ms.
Unloading 1094 Unused Serialized files (Serialized files now loaded: 0)
System memory in use before: 57.6 MB.
System memory in use after: 57.7 MB.

Unloading 5 unused Assets to reduce memory usage. Loaded Objects now: 1575.
Total: 1.574600 ms (FindLiveObjects: 0.130500 ms CreateObjectMapping: 0.030400 ms MarkObjects: 1.378300 ms  DeleteObjects: 0.034500 ms)

========================================================================
Received Prepare
Registering precompiled user dll's ...
Registered in 0.000763 seconds.
Begin MonoManager ReloadAssembly
Native extension for WindowsStandalone target not found
Refreshing native plugins compatible for Editor in 0.21 ms, found 0 plugins.
Preloading 0 native plugins for Editor in 0.00 ms.
Invoked RoslynAnalysisRunner static constructor.
RoslynAnalysisRunner will not be running.
RoslynAnalysisRunner has terminated.
Mono: successfully reloaded assembly
- Completed reload, in  0.721 seconds
Platform modules already initialized, skipping
Refreshing native plugins compatible for Editor in 0.18 ms, found 0 plugins.
Preloading 0 native plugins for Editor in 0.00 ms.
Unloading 1094 Unused Serialized files (Serialized files now loaded: 0)
System memory in use before: 57.7 MB.
System memory in use after: 57.8 MB.

Unloading 5 unused Assets to reduce memory usage. Loaded Objects now: 1577.
Total: 1.515800 ms (FindLiveObjects: 0.145700 ms CreateObjectMapping: 0.044100 ms MarkObjects: 1.286400 ms  DeleteObjects: 0.038000 ms)

========================================================================
Received Prepare
Registering precompiled user dll's ...
Registered in 0.001094 seconds.
Begin MonoManager ReloadAssembly
Native extension for WindowsStandalone target not found
Refreshing native plugins compatible for Editor in 0.21 ms, found 0 plugins.
Preloading 0 native plugins for Editor in 0.00 ms.
Invoked RoslynAnalysisRunner static constructor.
RoslynAnalysisRunner will not be running.
RoslynAnalysisRunner has terminated.
Mono: successfully reloaded assembly
- Completed reload, in  0.681 seconds
Platform modules already initialized, skipping
Refreshing native plugins compatible for Editor in 0.18 ms, found 0 plugins.
Preloading 0 native plugins for Editor in 0.00 ms.
Unloading 1094 Unused Serialized files (Serialized files now loaded: 0)
System memory in use before: 57.8 MB.
System memory in use after: 57.9 MB.

Unloading 5 unused Assets to reduce memory usage. Loaded Objects now: 1579.
Total: 1.549300 ms (FindLiveObjects: 0.109000 ms CreateObjectMapping: 0.028100 ms MarkObjects: 1.377300 ms  DeleteObjects: 0.034100 ms)

AssetImportWorkerClient::OnTransportError - code=2 error=End of file
