Using pre-set license
Built from '2020.2/release' branch; Version is '2020.2.1f1 (270dd8c3da1c) revision 2559448'; Using compiler version '192528614'; Build Type 'Release'
OS: 'Windows 10  (10.0.0) 64bit' Language: 'ko' Physical Memory: 16233 MB
BatchMode: 1, IsHumanControllingUs: 0, StartBugReporterOnCrash: 0, Is64bit: 1, IsPro: 0

 COMMAND LINE ARGUMENTS:
F:\Unity\2020.2.1f1\Editor\Unity.exe
-adb2
-batchMode
-noUpm
-name
AssetImportWorker0
-projectPath
C:/Users/ROG/Desktop/폴더압축/LightingBasics-master
-logFile
Logs/AssetImportWorker0.log
-srvPort
54380
Successfully changed project path to: C:/Users/ROG/Desktop/폴더압축/LightingBasics-master
C:/Users/ROG/Desktop/폴더압축/LightingBasics-master
Using Asset Import Pipeline V2.
Refreshing native plugins compatible for Editor in 32.12 ms, found 0 plugins.
Preloading 0 native plugins for Editor in 0.00 ms.
Initialize engine version: 2020.2.1f1 (270dd8c3da1c)
[Subsystems] Discovering subsystems at path F:/Unity/2020.2.1f1/Editor/Data/Resources/UnitySubsystems
[Subsystems] Discovering subsystems at path C:/Users/ROG/Desktop/폴더압축/LightingBasics-master/Assets
GfxDevice: creating device client; threaded=0
Direct3D:
    Version:  Direct3D 11.0 [level 11.1]
    Renderer: NVIDIA GeForce RTX 2060 (ID=0x1f11)
    Vendor:   
    VRAM:     5980 MB
    Driver:   26.21.14.4193
Initialize mono
Mono path[0] = 'F:/Unity/2020.2.1f1/Editor/Data/Managed'
Mono path[1] = 'F:/Unity/2020.2.1f1/Editor/Data/MonoBleedingEdge/lib/mono/unityjit'
Mono config path = 'F:/Unity/2020.2.1f1/Editor/Data/MonoBleedingEdge/etc'
Using monoOptions --debugger-agent=transport=dt_socket,embedding=1,server=y,suspend=n,address=127.0.0.1:56800
Begin MonoManager ReloadAssembly
Registering precompiled unity dll's ...
Register platform support module: F:/Unity/2020.2.1f1/Editor/Data/PlaybackEngines/WindowsStandaloneSupport/UnityEditor.WindowsStandalone.Extensions.dll
Registered in 0.000927 seconds.
Native extension for WindowsStandalone target not found
Refreshing native plugins compatible for Editor in 28.38 ms, found 0 plugins.
Preloading 0 native plugins for Editor in 0.00 ms.
Invoked RoslynAnalysisRunner static constructor.
RoslynAnalysisRunner will not be running.
RoslynAnalysisRunner has terminated.
Mono: successfully reloaded assembly
- Completed reload, in  1.478 seconds
Platform modules already initialized, skipping
Registering precompiled user dll's ...
Registered in 0.000800 seconds.
Begin MonoManager ReloadAssembly
Native extension for WindowsStandalone target not found
Refreshing native plugins compatible for Editor in 0.23 ms, found 0 plugins.
Preloading 0 native plugins for Editor in 0.00 ms.
Invoked RoslynAnalysisRunner static constructor.
RoslynAnalysisRunner will not be running.
RoslynAnalysisRunner has terminated.
Mono: successfully reloaded assembly
- Completed reload, in  0.735 seconds
Platform modules already initialized, skipping
========================================================================
Worker process is ready to serve import requests
Launched and connected shader compiler UnityShaderCompiler.exe after 0.03 seconds
Refreshing native plugins compatible for Editor in 0.22 ms, found 0 plugins.
Preloading 0 native plugins for Editor in 0.00 ms.
Unloading 741 Unused Serialized files (Serialized files now loaded: 0)
System memory in use before: 54.9 MB.
System memory in use after: 54.6 MB.

Unloading 10 unused Assets to reduce memory usage. Loaded Objects now: 1193.
Total: 1.980700 ms (FindLiveObjects: 0.109000 ms CreateObjectMapping: 0.027500 ms MarkObjects: 1.482200 ms  DeleteObjects: 0.361000 ms)

========================================================================
Received Import Request.
  path: Assets/Rotate.cs
  artifactKey: Guid(82f6fa3b678653941a00f6d3126f61f8) Importer(815301076,1909f56bfc062723c751e8b465ee728b)
Start importing Assets/Rotate.cs using Guid(82f6fa3b678653941a00f6d3126f61f8) Importer(815301076,1909f56bfc062723c751e8b465ee728b)  -> (artifact id: '0c51b9eb0d812a8b4cc4359dcebf837f') in 0.026056 seconds
  Import took 0.027392 seconds .

========================================================================
Received Prepare
Registering precompiled user dll's ...
Registered in 0.001295 seconds.
Begin MonoManager ReloadAssembly
Native extension for WindowsStandalone target not found
Refreshing native plugins compatible for Editor in 0.25 ms, found 0 plugins.
Preloading 0 native plugins for Editor in 0.00 ms.
Invoked RoslynAnalysisRunner static constructor.
RoslynAnalysisRunner will not be running.
RoslynAnalysisRunner has terminated.
Mono: successfully reloaded assembly
- Completed reload, in  0.686 seconds
Platform modules already initialized, skipping
Refreshing native plugins compatible for Editor in 0.24 ms, found 0 plugins.
Preloading 0 native plugins for Editor in 0.00 ms.
Unloading 698 Unused Serialized files (Serialized files now loaded: 0)
System memory in use before: 52.9 MB.
System memory in use after: 52.6 MB.

Unloading 5 unused Assets to reduce memory usage. Loaded Objects now: 1195.
Total: 2.044600 ms (FindLiveObjects: 0.175500 ms CreateObjectMapping: 0.034000 ms MarkObjects: 1.438800 ms  DeleteObjects: 0.393100 ms)

========================================================================
Received Prepare
Registering precompiled user dll's ...
Registered in 0.000845 seconds.
Begin MonoManager ReloadAssembly
Native extension for WindowsStandalone target not found
Refreshing native plugins compatible for Editor in 0.23 ms, found 0 plugins.
Preloading 0 native plugins for Editor in 0.00 ms.
Invoked RoslynAnalysisRunner static constructor.
RoslynAnalysisRunner will not be running.
RoslynAnalysisRunner has terminated.
Mono: successfully reloaded assembly
- Completed reload, in  0.647 seconds
Platform modules already initialized, skipping
Refreshing native plugins compatible for Editor in 0.24 ms, found 0 plugins.
Preloading 0 native plugins for Editor in 0.00 ms.
Unloading 698 Unused Serialized files (Serialized files now loaded: 0)
System memory in use before: 52.9 MB.
System memory in use after: 52.6 MB.

Unloading 5 unused Assets to reduce memory usage. Loaded Objects now: 1197.
Total: 1.687300 ms (FindLiveObjects: 0.085200 ms CreateObjectMapping: 0.018900 ms MarkObjects: 1.288500 ms  DeleteObjects: 0.293800 ms)

========================================================================
Received Prepare
Registering precompiled user dll's ...
Registered in 0.000893 seconds.
Begin MonoManager ReloadAssembly
Native extension for WindowsStandalone target not found
Refreshing native plugins compatible for Editor in 0.26 ms, found 0 plugins.
Preloading 0 native plugins for Editor in 0.00 ms.
Invoked RoslynAnalysisRunner static constructor.
RoslynAnalysisRunner will not be running.
RoslynAnalysisRunner has terminated.
Mono: successfully reloaded assembly
- Completed reload, in  0.763 seconds
Platform modules already initialized, skipping
Refreshing native plugins compatible for Editor in 0.26 ms, found 0 plugins.
Preloading 0 native plugins for Editor in 0.00 ms.
Unloading 698 Unused Serialized files (Serialized files now loaded: 0)
System memory in use before: 52.9 MB.
System memory in use after: 52.6 MB.

Unloading 5 unused Assets to reduce memory usage. Loaded Objects now: 1199.
Total: 1.809700 ms (FindLiveObjects: 0.096300 ms CreateObjectMapping: 0.021800 ms MarkObjects: 1.366500 ms  DeleteObjects: 0.323000 ms)

========================================================================
Received Prepare
Registering precompiled user dll's ...
Registered in 0.000778 seconds.
Begin MonoManager ReloadAssembly
Native extension for WindowsStandalone target not found
Refreshing native plugins compatible for Editor in 0.23 ms, found 0 plugins.
Preloading 0 native plugins for Editor in 0.00 ms.
Invoked RoslynAnalysisRunner static constructor.
RoslynAnalysisRunner will not be running.
RoslynAnalysisRunner has terminated.
Mono: successfully reloaded assembly
- Completed reload, in  0.695 seconds
Platform modules already initialized, skipping
Refreshing native plugins compatible for Editor in 0.22 ms, found 0 plugins.
Preloading 0 native plugins for Editor in 0.00 ms.
Unloading 698 Unused Serialized files (Serialized files now loaded: 0)
System memory in use before: 53.0 MB.
System memory in use after: 52.6 MB.

Unloading 5 unused Assets to reduce memory usage. Loaded Objects now: 1201.
Total: 1.765900 ms (FindLiveObjects: 0.105200 ms CreateObjectMapping: 0.024500 ms MarkObjects: 1.320200 ms  DeleteObjects: 0.314700 ms)

========================================================================
Received Prepare
Registering precompiled user dll's ...
Registered in 0.001468 seconds.
Begin MonoManager ReloadAssembly
Native extension for WindowsStandalone target not found
Refreshing native plugins compatible for Editor in 0.75 ms, found 0 plugins.
Preloading 0 native plugins for Editor in 0.00 ms.
Invoked RoslynAnalysisRunner static constructor.
RoslynAnalysisRunner will not be running.
RoslynAnalysisRunner has terminated.
Mono: successfully reloaded assembly
- Completed reload, in  0.833 seconds
Platform modules already initialized, skipping
Refreshing native plugins compatible for Editor in 0.23 ms, found 0 plugins.
Preloading 0 native plugins for Editor in 0.00 ms.
Unloading 698 Unused Serialized files (Serialized files now loaded: 0)
System memory in use before: 52.9 MB.
System memory in use after: 52.6 MB.

Unloading 5 unused Assets to reduce memory usage. Loaded Objects now: 1203.
Total: 1.810600 ms (FindLiveObjects: 0.223300 ms CreateObjectMapping: 0.029000 ms MarkObjects: 1.239600 ms  DeleteObjects: 0.317700 ms)

========================================================================
Received Prepare
Registering precompiled user dll's ...
Registered in 0.000767 seconds.
Begin MonoManager ReloadAssembly
Native extension for WindowsStandalone target not found
Refreshing native plugins compatible for Editor in 0.43 ms, found 0 plugins.
Preloading 0 native plugins for Editor in 0.00 ms.
Invoked RoslynAnalysisRunner static constructor.
RoslynAnalysisRunner will not be running.
RoslynAnalysisRunner has terminated.
Mono: successfully reloaded assembly
- Completed reload, in  0.698 seconds
Platform modules already initialized, skipping
Refreshing native plugins compatible for Editor in 0.22 ms, found 0 plugins.
Preloading 0 native plugins for Editor in 0.00 ms.
Unloading 698 Unused Serialized files (Serialized files now loaded: 0)
System memory in use before: 52.9 MB.
System memory in use after: 52.6 MB.

Unloading 5 unused Assets to reduce memory usage. Loaded Objects now: 1205.
Total: 1.725700 ms (FindLiveObjects: 0.110200 ms CreateObjectMapping: 0.021200 ms MarkObjects: 1.294400 ms  DeleteObjects: 0.294600 ms)

========================================================================
Received Prepare
Registering precompiled user dll's ...
Registered in 0.000720 seconds.
Begin MonoManager ReloadAssembly
Native extension for WindowsStandalone target not found
Refreshing native plugins compatible for Editor in 0.22 ms, found 0 plugins.
Preloading 0 native plugins for Editor in 0.00 ms.
Invoked RoslynAnalysisRunner static constructor.
RoslynAnalysisRunner will not be running.
RoslynAnalysisRunner has terminated.
Mono: successfully reloaded assembly
- Completed reload, in  0.648 seconds
Platform modules already initialized, skipping
Refreshing native plugins compatible for Editor in 0.23 ms, found 0 plugins.
Preloading 0 native plugins for Editor in 0.00 ms.
Unloading 698 Unused Serialized files (Serialized files now loaded: 0)
System memory in use before: 53.0 MB.
System memory in use after: 52.6 MB.

Unloading 5 unused Assets to reduce memory usage. Loaded Objects now: 1207.
Total: 1.863900 ms (FindLiveObjects: 0.176200 ms CreateObjectMapping: 0.034500 ms MarkObjects: 1.332500 ms  DeleteObjects: 0.319800 ms)

========================================================================
Received Prepare
Registering precompiled user dll's ...
Registered in 0.000989 seconds.
Begin MonoManager ReloadAssembly
Native extension for WindowsStandalone target not found
Refreshing native plugins compatible for Editor in 0.22 ms, found 0 plugins.
Preloading 0 native plugins for Editor in 0.00 ms.
Invoked RoslynAnalysisRunner static constructor.
RoslynAnalysisRunner will not be running.
RoslynAnalysisRunner has terminated.
Mono: successfully reloaded assembly
- Completed reload, in  0.667 seconds
Platform modules already initialized, skipping
Refreshing native plugins compatible for Editor in 0.23 ms, found 0 plugins.
Preloading 0 native plugins for Editor in 0.00 ms.
Unloading 698 Unused Serialized files (Serialized files now loaded: 0)
System memory in use before: 52.9 MB.
System memory in use after: 52.6 MB.

Unloading 5 unused Assets to reduce memory usage. Loaded Objects now: 1209.
Total: 1.774700 ms (FindLiveObjects: 0.101500 ms CreateObjectMapping: 0.022100 ms MarkObjects: 1.352000 ms  DeleteObjects: 0.298100 ms)

========================================================================
Received Prepare
Registering precompiled user dll's ...
Registered in 0.001118 seconds.
Begin MonoManager ReloadAssembly
Native extension for WindowsStandalone target not found
Refreshing native plugins compatible for Editor in 0.23 ms, found 0 plugins.
Preloading 0 native plugins for Editor in 0.00 ms.
Invoked RoslynAnalysisRunner static constructor.
RoslynAnalysisRunner will not be running.
RoslynAnalysisRunner has terminated.
Mono: successfully reloaded assembly
- Completed reload, in  0.664 seconds
Platform modules already initialized, skipping
Refreshing native plugins compatible for Editor in 0.23 ms, found 0 plugins.
Preloading 0 native plugins for Editor in 0.00 ms.
Unloading 698 Unused Serialized files (Serialized files now loaded: 0)
System memory in use before: 52.9 MB.
System memory in use after: 52.6 MB.

Unloading 5 unused Assets to reduce memory usage. Loaded Objects now: 1211.
Total: 1.767200 ms (FindLiveObjects: 0.142400 ms CreateObjectMapping: 0.035800 ms MarkObjects: 1.280100 ms  DeleteObjects: 0.307800 ms)

========================================================================
Received Prepare
Registering precompiled user dll's ...
Registered in 0.000808 seconds.
Begin MonoManager ReloadAssembly
Native extension for WindowsStandalone target not found
Refreshing native plugins compatible for Editor in 0.24 ms, found 0 plugins.
Preloading 0 native plugins for Editor in 0.00 ms.
Invoked RoslynAnalysisRunner static constructor.
RoslynAnalysisRunner will not be running.
RoslynAnalysisRunner has terminated.
Mono: successfully reloaded assembly
- Completed reload, in  0.648 seconds
Platform modules already initialized, skipping
Refreshing native plugins compatible for Editor in 0.23 ms, found 0 plugins.
Preloading 0 native plugins for Editor in 0.00 ms.
Unloading 698 Unused Serialized files (Serialized files now loaded: 0)
System memory in use before: 53.0 MB.
System memory in use after: 52.7 MB.

Unloading 5 unused Assets to reduce memory usage. Loaded Objects now: 1213.
Total: 1.790400 ms (FindLiveObjects: 0.105000 ms CreateObjectMapping: 0.020800 ms MarkObjects: 1.353700 ms  DeleteObjects: 0.309900 ms)

========================================================================
Received Prepare
Registering precompiled user dll's ...
Registered in 0.000816 seconds.
Begin MonoManager ReloadAssembly
Native extension for WindowsStandalone target not found
Refreshing native plugins compatible for Editor in 0.23 ms, found 0 plugins.
Preloading 0 native plugins for Editor in 0.00 ms.
Invoked RoslynAnalysisRunner static constructor.
RoslynAnalysisRunner will not be running.
RoslynAnalysisRunner has terminated.
Mono: successfully reloaded assembly
- Completed reload, in  0.657 seconds
Platform modules already initialized, skipping
Refreshing native plugins compatible for Editor in 0.25 ms, found 0 plugins.
Preloading 0 native plugins for Editor in 0.00 ms.
Unloading 698 Unused Serialized files (Serialized files now loaded: 0)
System memory in use before: 52.9 MB.
System memory in use after: 52.6 MB.

Unloading 5 unused Assets to reduce memory usage. Loaded Objects now: 1215.
Total: 1.824200 ms (FindLiveObjects: 0.104200 ms CreateObjectMapping: 0.023300 ms MarkObjects: 1.398000 ms  DeleteObjects: 0.297500 ms)

========================================================================
Received Prepare
Registering precompiled user dll's ...
Registered in 0.000750 seconds.
Begin MonoManager ReloadAssembly
Native extension for WindowsStandalone target not found
Refreshing native plugins compatible for Editor in 0.25 ms, found 0 plugins.
Preloading 0 native plugins for Editor in 0.00 ms.
Invoked RoslynAnalysisRunner static constructor.
RoslynAnalysisRunner will not be running.
RoslynAnalysisRunner has terminated.
Mono: successfully reloaded assembly
- Completed reload, in  0.653 seconds
Platform modules already initialized, skipping
Refreshing native plugins compatible for Editor in 0.22 ms, found 0 plugins.
Preloading 0 native plugins for Editor in 0.00 ms.
Unloading 698 Unused Serialized files (Serialized files now loaded: 0)
System memory in use before: 52.9 MB.
System memory in use after: 52.7 MB.

Unloading 5 unused Assets to reduce memory usage. Loaded Objects now: 1217.
Total: 1.658300 ms (FindLiveObjects: 0.089800 ms CreateObjectMapping: 0.019500 ms MarkObjects: 1.254800 ms  DeleteObjects: 0.293100 ms)

========================================================================
Received Prepare
Registering precompiled user dll's ...
Registered in 0.000961 seconds.
Begin MonoManager ReloadAssembly
Native extension for WindowsStandalone target not found
Refreshing native plugins compatible for Editor in 0.22 ms, found 0 plugins.
Preloading 0 native plugins for Editor in 0.00 ms.
Invoked RoslynAnalysisRunner static constructor.
RoslynAnalysisRunner will not be running.
RoslynAnalysisRunner has terminated.
Mono: successfully reloaded assembly
- Completed reload, in  0.673 seconds
Platform modules already initialized, skipping
Refreshing native plugins compatible for Editor in 0.22 ms, found 0 plugins.
Preloading 0 native plugins for Editor in 0.00 ms.
Unloading 698 Unused Serialized files (Serialized files now loaded: 0)
System memory in use before: 53.0 MB.
System memory in use after: 52.7 MB.

Unloading 5 unused Assets to reduce memory usage. Loaded Objects now: 1219.
Total: 1.735900 ms (FindLiveObjects: 0.088900 ms CreateObjectMapping: 0.019200 ms MarkObjects: 1.326100 ms  DeleteObjects: 0.300800 ms)

========================================================================
Received Import Request.
  Time since last request: 515.859050 seconds.
  path: Assets/New Scene_Profiles/CameraDirectLighting Profile.asset
  artifactKey: Guid(30f7c759b99998d47b08be98522a90f1) Importer(815301076,1909f56bfc062723c751e8b465ee728b)
Start importing Assets/New Scene_Profiles/CameraDirectLighting Profile.asset using Guid(30f7c759b99998d47b08be98522a90f1) Importer(815301076,1909f56bfc062723c751e8b465ee728b)  -> (artifact id: 'ce23575fb2c2ef075fde0eb68b70481a') in 0.032503 seconds
  Import took 0.034104 seconds .

========================================================================
Received Import Request.
  Time since last request: 1.136472 seconds.
  path: Assets/Study_Profiles
  artifactKey: Guid(e3e8dd0559f3fee4e94dc2b65d8b880f) Importer(815301076,1909f56bfc062723c751e8b465ee728b)
Start importing Assets/Study_Profiles using Guid(e3e8dd0559f3fee4e94dc2b65d8b880f) Importer(815301076,1909f56bfc062723c751e8b465ee728b)  -> (artifact id: '2fbed43437e7c14e5b7833a7f8a1113e') in 0.004215 seconds
  Import took 0.005562 seconds .

========================================================================
Received Prepare
Registering precompiled user dll's ...
Registered in 0.000654 seconds.
Begin MonoManager ReloadAssembly
Native extension for WindowsStandalone target not found
Refreshing native plugins compatible for Editor in 0.15 ms, found 0 plugins.
Preloading 0 native plugins for Editor in 0.00 ms.
Invoked RoslynAnalysisRunner static constructor.
RoslynAnalysisRunner will not be running.
RoslynAnalysisRunner has terminated.
Mono: successfully reloaded assembly
- Completed reload, in  0.653 seconds
Platform modules already initialized, skipping
Refreshing native plugins compatible for Editor in 0.15 ms, found 0 plugins.
Preloading 0 native plugins for Editor in 0.00 ms.
Unloading 626 Unused Serialized files (Serialized files now loaded: 0)
System memory in use before: 50.8 MB.
System memory in use after: 50.9 MB.

Unloading 67 unused Assets to reduce memory usage. Loaded Objects now: 1157.
Total: 1.401100 ms (FindLiveObjects: 0.101000 ms CreateObjectMapping: 0.019000 ms MarkObjects: 1.249700 ms  DeleteObjects: 0.030600 ms)

========================================================================
Received Import Request.
  Time since last request: 95.303657 seconds.
  path: Assets/General/Models/Characters/Zombunny.fbx
  artifactKey: Guid(be66986effd141b4992d2d78be127139) Importer(815301076,1909f56bfc062723c751e8b465ee728b)
Start importing Assets/General/Models/Characters/Zombunny.fbx using Guid(be66986effd141b4992d2d78be127139) Importer(815301076,1909f56bfc062723c751e8b465ee728b)  -> (artifact id: '7388c3857efdb1fa6ea3e71602789b68') in 0.306042 seconds
  Import took 0.307655 seconds .

========================================================================
Received Import Request.
  Time since last request: 16.383333 seconds.
  path: Assets/General/Prefabs
  artifactKey: Guid(cc9ef4c0a188b4558b0df7a94ded1804) Importer(815301076,1909f56bfc062723c751e8b465ee728b)
Start importing Assets/General/Prefabs using Guid(cc9ef4c0a188b4558b0df7a94ded1804) Importer(815301076,1909f56bfc062723c751e8b465ee728b)  -> (artifact id: '5f2259e8df4ef2919759d2d9e66985a1') in 0.004045 seconds
  Import took 0.005494 seconds .

========================================================================
Received Import Request.
  Time since last request: 2.257235 seconds.
  path: Assets/General/Prefabs/MayanTemple
  artifactKey: Guid(e658e22b521e344b292d5af95b1f693b) Importer(815301076,1909f56bfc062723c751e8b465ee728b)
Start importing Assets/General/Prefabs/MayanTemple using Guid(e658e22b521e344b292d5af95b1f693b) Importer(815301076,1909f56bfc062723c751e8b465ee728b)  -> (artifact id: '17f03b42939c4d9b790a9f9412f15d18') in 0.003928 seconds
  Import took 0.005372 seconds .

========================================================================
Received Import Request.
  Time since last request: 1.778961 seconds.
  path: Assets/General/Prefabs/CornellBox
  artifactKey: Guid(22573a2e12ee241febced1c31d53dd24) Importer(815301076,1909f56bfc062723c751e8b465ee728b)
Start importing Assets/General/Prefabs/CornellBox using Guid(22573a2e12ee241febced1c31d53dd24) Importer(815301076,1909f56bfc062723c751e8b465ee728b)  -> (artifact id: 'a120928a6347b04584b0351b461bf8e0') in 0.004139 seconds
  Import took 0.005444 seconds .

========================================================================
Received Import Request.
  Time since last request: 0.338406 seconds.
  path: Assets/General/Prefabs/AmbientOcclusion
  artifactKey: Guid(546f83133ddd1427d90b3163283d3dcb) Importer(815301076,1909f56bfc062723c751e8b465ee728b)
Start importing Assets/General/Prefabs/AmbientOcclusion using Guid(546f83133ddd1427d90b3163283d3dcb) Importer(815301076,1909f56bfc062723c751e8b465ee728b)  -> (artifact id: 'ff6c1b10d28f84e76eefefca47132b50') in 0.003891 seconds
  Import took 0.005322 seconds .

========================================================================
Received Import Request.
  Time since last request: 6.890786 seconds.
  path: Assets/General/Prefabs/DirectLighting/Complete
  artifactKey: Guid(04846cb06d899493eace0db060bfd28e) Importer(815301076,1909f56bfc062723c751e8b465ee728b)
Start importing Assets/General/Prefabs/DirectLighting/Complete using Guid(04846cb06d899493eace0db060bfd28e) Importer(815301076,1909f56bfc062723c751e8b465ee728b)  -> (artifact id: 'e44caf0b47423ec50d3ac0a44f2a6325') in 0.004129 seconds
  Import took 0.005465 seconds .

========================================================================
Received Import Request.
  Time since last request: 18.305908 seconds.
  path: Assets/Flooded_Grounds/Content/Materials
  artifactKey: Guid(5c3f1ab731e541841b79f7a5d2f1b27e) Importer(815301076,1909f56bfc062723c751e8b465ee728b)
Start importing Assets/Flooded_Grounds/Content/Materials using Guid(5c3f1ab731e541841b79f7a5d2f1b27e) Importer(815301076,1909f56bfc062723c751e8b465ee728b)  -> (artifact id: '763992acbabce82508f2105c4bb72dbc') in 0.003535 seconds
  Import took 0.004797 seconds .

========================================================================
Received Import Request.
  Time since last request: 3.923116 seconds.
  path: Assets/Flooded_Grounds/Content/Meshes
  artifactKey: Guid(b0c2362a8da0821488cf6e1395a8d047) Importer(815301076,1909f56bfc062723c751e8b465ee728b)
Start importing Assets/Flooded_Grounds/Content/Meshes using Guid(b0c2362a8da0821488cf6e1395a8d047) Importer(815301076,1909f56bfc062723c751e8b465ee728b)  -> (artifact id: '04d51731c8fc5d2348a066cddf247137') in 0.004024 seconds
  Import took 0.005382 seconds .

========================================================================
Received Import Request.
  Time since last request: 204.218427 seconds.
  path: Assets/Flooded_Grounds/Content
  artifactKey: Guid(2e150d6ce3d33f84295eac3b1ec2f056) Importer(815301076,1909f56bfc062723c751e8b465ee728b)
Start importing Assets/Flooded_Grounds/Content using Guid(2e150d6ce3d33f84295eac3b1ec2f056) Importer(815301076,1909f56bfc062723c751e8b465ee728b)  -> (artifact id: '17661f7221e21d52050ffe322e85baa3') in 0.003602 seconds
  Import took 0.004971 seconds .

========================================================================
Received Import Request.
  Time since last request: 113.101208 seconds.
  path: Assets/Prefabs/DirectLighting/CalibrationGeometry.prefab
  artifactKey: Guid(377775d1cbc2c3f41a6ceacd2afbb077) Importer(815301076,1909f56bfc062723c751e8b465ee728b)
Start importing Assets/Prefabs/DirectLighting/CalibrationGeometry.prefab using Guid(377775d1cbc2c3f41a6ceacd2afbb077) Importer(815301076,1909f56bfc062723c751e8b465ee728b)  -> (artifact id: 'c7b6c10a91e140e58b7515727a4917f6') in 0.346992 seconds
  Import took 0.348425 seconds .

========================================================================
Received Import Request.
  Time since last request: 31.585783 seconds.
  path: Assets/Materials
  artifactKey: Guid(31f20bda829ad6a4f8baef74c6bcc3ee) Importer(815301076,1909f56bfc062723c751e8b465ee728b)
Start importing Assets/Materials using Guid(31f20bda829ad6a4f8baef74c6bcc3ee) Importer(815301076,1909f56bfc062723c751e8b465ee728b)  -> (artifact id: '9f3bf81a5bf55cc39bb1a5c1f4962318') in 0.003123 seconds
  Import took 0.004604 seconds .

========================================================================
Received Import Request.
  Time since last request: 168.069160 seconds.
  path: Assets/Prefabs/DirectLighting/CameraDirectLighting.prefab
  artifactKey: Guid(ad0aafb15cefc684e8b7e2bb7740d25d) Importer(815301076,1909f56bfc062723c751e8b465ee728b)
Start importing Assets/Prefabs/DirectLighting/CameraDirectLighting.prefab using Guid(ad0aafb15cefc684e8b7e2bb7740d25d) Importer(815301076,1909f56bfc062723c751e8b465ee728b)  -> (artifact id: '815468490cfa6ba818465f5cf7d9de91') in 0.006189 seconds
  Import took 0.007787 seconds .

========================================================================
Received Import Request.
  Time since last request: 1.118795 seconds.
  path: Assets/Prefabs/DirectLighting/SampleSpheres.prefab
  artifactKey: Guid(99c4a5509fe72a842a9b2976e4a11d80) Importer(815301076,1909f56bfc062723c751e8b465ee728b)
Start importing Assets/Prefabs/DirectLighting/SampleSpheres.prefab using Guid(99c4a5509fe72a842a9b2976e4a11d80) Importer(815301076,1909f56bfc062723c751e8b465ee728b)  -> (artifact id: '01759866007dd55aafdc0966d8f91b7e') in 0.014225 seconds
  Import took 0.016237 seconds .

========================================================================
Received Import Request.
  Time since last request: 0.003370 seconds.
  path: Assets/Prefabs/DirectLighting/SampleSpheres.prefab
  artifactKey: Guid(99c4a5509fe72a842a9b2976e4a11d80) Importer(815301076,1909f56bfc062723c751e8b465ee728b)
Start importing Assets/Prefabs/DirectLighting/SampleSpheres.prefab using Guid(99c4a5509fe72a842a9b2976e4a11d80) Importer(815301076,1909f56bfc062723c751e8b465ee728b)  -> (artifact id: '01759866007dd55aafdc0966d8f91b7e') in 0.016445 seconds
  Import took 0.017933 seconds .

========================================================================
Received Import Request.
  Time since last request: 0.675110 seconds.
  path: Assets/Prefabs/DirectLighting/ThreePointLighting.prefab
  artifactKey: Guid(f589b82ad43e2b5409b95d288eec72cc) Importer(815301076,1909f56bfc062723c751e8b465ee728b)
Start importing Assets/Prefabs/DirectLighting/ThreePointLighting.prefab using Guid(f589b82ad43e2b5409b95d288eec72cc) Importer(815301076,1909f56bfc062723c751e8b465ee728b)  -> (artifact id: 'a0b8ab7874f6a9501e701d3837d2afcc') in 0.005304 seconds
  Import took 0.006885 seconds .

========================================================================
Received Import Request.
  Time since last request: 8.147060 seconds.
  path: Assets/New Scene.unity
  artifactKey: Guid(a233b906ee216e6468dce8bb7ef08cb2) Importer(815301076,1909f56bfc062723c751e8b465ee728b)
Start importing Assets/New Scene.unity using Guid(a233b906ee216e6468dce8bb7ef08cb2) Importer(815301076,1909f56bfc062723c751e8b465ee728b)  -> (artifact id: 'd1a245264fd119b66a3017277765070e') in 0.003780 seconds
  Import took 0.005178 seconds .

========================================================================
Received Import Request.
  Time since last request: 3.775573 seconds.
  path: Assets/Study.unity
  artifactKey: Guid(c61f5e00a25f63144a5881f76ebdf914) Importer(815301076,1909f56bfc062723c751e8b465ee728b)
Start importing Assets/Study.unity using Guid(c61f5e00a25f63144a5881f76ebdf914) Importer(815301076,1909f56bfc062723c751e8b465ee728b)  -> (artifact id: '6b6c5f0af24396c4835f66820647179d') in 0.003559 seconds
  Import took 0.004832 seconds .

========================================================================
Received Import Request.
  Time since last request: 43.651655 seconds.
  path: Assets/General/Prefabs/DirectLighting
  artifactKey: Guid(c9361e271b708468fab940c1b598ed03) Importer(815301076,1909f56bfc062723c751e8b465ee728b)
Start importing Assets/General/Prefabs/DirectLighting using Guid(c9361e271b708468fab940c1b598ed03) Importer(815301076,1909f56bfc062723c751e8b465ee728b)  -> (artifact id: 'd1ba5268336d08372b90324461357e90') in 0.003552 seconds
  Import took 0.004903 seconds .

========================================================================
Received Import Request.
  Time since last request: 20.995013 seconds.
  path: Assets/Study.unity
  artifactKey: Guid(c61f5e00a25f63144a5881f76ebdf914) Importer(815301076,1909f56bfc062723c751e8b465ee728b)
Start importing Assets/Study.unity using Guid(c61f5e00a25f63144a5881f76ebdf914) Importer(815301076,1909f56bfc062723c751e8b465ee728b)  -> (artifact id: '07173d7c86fa5c0d6cd17f120c912ad4') in 0.003973 seconds
  Import took 0.005433 seconds .

========================================================================
Received Import Request.
  Time since last request: 8.706066 seconds.
  path: Assets/Prefabs/ZomBunny
  artifactKey: Guid(0f1750d0bc40c40a5be8aa47a061f61b) Importer(815301076,1909f56bfc062723c751e8b465ee728b)
Start importing Assets/Prefabs/ZomBunny using Guid(0f1750d0bc40c40a5be8aa47a061f61b) Importer(815301076,1909f56bfc062723c751e8b465ee728b)  -> (artifact id: '828df4441941d7aeb2eab3c25d145f48') in 0.003767 seconds
  Import took 0.005118 seconds .

========================================================================
Received Import Request.
  Time since last request: 12.145463 seconds.
  path: Assets/Materials/CornellBox
  artifactKey: Guid(68873032403974a2398beba4fee2a511) Importer(815301076,1909f56bfc062723c751e8b465ee728b)
Start importing Assets/Materials/CornellBox using Guid(68873032403974a2398beba4fee2a511) Importer(815301076,1909f56bfc062723c751e8b465ee728b)  -> (artifact id: 'b06b3d93afe053c479ebb26f9ccf325a') in 0.003607 seconds
  Import took 0.005222 seconds .

========================================================================
Received Import Request.
  Time since last request: 11.532427 seconds.
  path: Assets/Shaders
  artifactKey: Guid(4c241ac6b2090e14594e14df17fc2976) Importer(815301076,1909f56bfc062723c751e8b465ee728b)
Start importing Assets/Shaders using Guid(4c241ac6b2090e14594e14df17fc2976) Importer(815301076,1909f56bfc062723c751e8b465ee728b)  -> (artifact id: '6eac7f40f548733e4f91566dd5ddaec2') in 0.003853 seconds
  Import took 0.005191 seconds .

========================================================================
Received Import Request.
  Time since last request: 3.329745 seconds.
  path: Assets/Textures
  artifactKey: Guid(83c11f19333b5bf4ebb679828b6caa3a) Importer(815301076,1909f56bfc062723c751e8b465ee728b)
Start importing Assets/Textures using Guid(83c11f19333b5bf4ebb679828b6caa3a) Importer(815301076,1909f56bfc062723c751e8b465ee728b)  -> (artifact id: '34587ccbbeb054694bff0643bee15f56') in 0.003127 seconds
  Import took 0.004427 seconds .

========================================================================
Received Import Request.
  Time since last request: 8.772233 seconds.
  path: Assets/General/Models
  artifactKey: Guid(959f6f1a290e24bc494d4c15b41f7581) Importer(815301076,1909f56bfc062723c751e8b465ee728b)
Start importing Assets/General/Models using Guid(959f6f1a290e24bc494d4c15b41f7581) Importer(815301076,1909f56bfc062723c751e8b465ee728b)  -> (artifact id: '98041d0337af3061b4ae6e31b5bd67b1') in 0.003614 seconds
  Import took 0.005123 seconds .

========================================================================
Received Import Request.
  Time since last request: 2.529752 seconds.
  path: Assets/Models
  artifactKey: Guid(7477be6458e5b24418c18282667599bb) Importer(815301076,1909f56bfc062723c751e8b465ee728b)
Start importing Assets/Models using Guid(7477be6458e5b24418c18282667599bb) Importer(815301076,1909f56bfc062723c751e8b465ee728b)  -> (artifact id: 'a80c7379b2377a61432618766d5f2acc') in 0.003259 seconds
  Import took 0.004540 seconds .

========================================================================
Received Import Request.
  Time since last request: 25.387119 seconds.
  path: Assets/Prefabs/DirectLighting
  artifactKey: Guid(ab80d75f086b89848b86c22b5c7e3637) Importer(815301076,1909f56bfc062723c751e8b465ee728b)
Start importing Assets/Prefabs/DirectLighting using Guid(ab80d75f086b89848b86c22b5c7e3637) Importer(815301076,1909f56bfc062723c751e8b465ee728b)  -> (artifact id: '2ba9ba2e1a7127e686b76fb562571a98') in 0.003626 seconds
  Import took 0.005104 seconds .

========================================================================
Received Import Request.
  Time since last request: 1.379169 seconds.
  path: Assets/Prefabs
  artifactKey: Guid(105763b585ba97944801555b9af6b54a) Importer(815301076,1909f56bfc062723c751e8b465ee728b)
Start importing Assets/Prefabs using Guid(105763b585ba97944801555b9af6b54a) Importer(815301076,1909f56bfc062723c751e8b465ee728b)  -> (artifact id: '42da215bd7fde4af9f7284cddaa09cd0') in 0.003202 seconds
  Import took 0.004816 seconds .

========================================================================
Received Prepare
Registering precompiled user dll's ...
Registered in 0.000678 seconds.
Begin MonoManager ReloadAssembly
Native extension for WindowsStandalone target not found
Refreshing native plugins compatible for Editor in 0.13 ms, found 0 plugins.
Preloading 0 native plugins for Editor in 0.00 ms.
Invoked RoslynAnalysisRunner static constructor.
RoslynAnalysisRunner will not be running.
RoslynAnalysisRunner has terminated.
Mono: successfully reloaded assembly
- Completed reload, in  0.636 seconds
Platform modules already initialized, skipping
Refreshing native plugins compatible for Editor in 0.14 ms, found 0 plugins.
Preloading 0 native plugins for Editor in 0.00 ms.
Unloading 626 Unused Serialized files (Serialized files now loaded: 0)
System memory in use before: 65.0 MB.
System memory in use after: 65.1 MB.

Unloading 3 unused Assets to reduce memory usage. Loaded Objects now: 1172.
Total: 1.379000 ms (FindLiveObjects: 0.101500 ms CreateObjectMapping: 0.021800 ms MarkObjects: 1.241400 ms  DeleteObjects: 0.013300 ms)

========================================================================
Received Import Request.
  Time since last request: 291.369099 seconds.
  path: Assets/Study_Profiles/CameraDirectLighting Profile.asset
  artifactKey: Guid(f4cb401407fecc748a6892d4514606dc) Importer(815301076,1909f56bfc062723c751e8b465ee728b)
Start importing Assets/Study_Profiles/CameraDirectLighting Profile.asset using Guid(f4cb401407fecc748a6892d4514606dc) Importer(815301076,1909f56bfc062723c751e8b465ee728b)  -> (artifact id: 'b11e3b0360eba58309e80afcf01d9257') in 0.025224 seconds
  Import took 0.026494 seconds .

========================================================================
Received Import Request.
  Time since last request: 0.001042 seconds.
  path: Assets/Study_Profiles/CameraDirectLighting Profile.asset
  artifactKey: Guid(f4cb401407fecc748a6892d4514606dc) Importer(815301076,1909f56bfc062723c751e8b465ee728b)
Start importing Assets/Study_Profiles/CameraDirectLighting Profile.asset using Guid(f4cb401407fecc748a6892d4514606dc) Importer(815301076,1909f56bfc062723c751e8b465ee728b)  -> (artifact id: 'b11e3b0360eba58309e80afcf01d9257') in 0.003914 seconds
  Import took 0.005199 seconds .

========================================================================
Received Import Request.
  Time since last request: 36.651707 seconds.
  path: Assets/Resources
  artifactKey: Guid(76248044fa2f7a244b249b5ac0cdb24e) Importer(815301076,1909f56bfc062723c751e8b465ee728b)
Start importing Assets/Resources using Guid(76248044fa2f7a244b249b5ac0cdb24e) Importer(815301076,1909f56bfc062723c751e8b465ee728b)  -> (artifact id: '5f47bab502d00e7eef0c3361997e64a7') in 0.003696 seconds
  Import took 0.004917 seconds .

========================================================================
Received Import Request.
  Time since last request: 16.125737 seconds.
  path: Assets/Made
  artifactKey: Guid(b79bf49a7197b074fa2b94bae28e7774) Importer(815301076,1909f56bfc062723c751e8b465ee728b)
Start importing Assets/Made using Guid(b79bf49a7197b074fa2b94bae28e7774) Importer(815301076,1909f56bfc062723c751e8b465ee728b)  -> (artifact id: 'c23fc4adadb43d4c85cfbc10d2be29f3') in 0.003469 seconds
  Import took 0.004969 seconds .

========================================================================
Received Prepare
Registering precompiled user dll's ...
Registered in 0.000672 seconds.
Begin MonoManager ReloadAssembly
Native extension for WindowsStandalone target not found
Refreshing native plugins compatible for Editor in 0.13 ms, found 0 plugins.
Preloading 0 native plugins for Editor in 0.00 ms.
Invoked RoslynAnalysisRunner static constructor.
RoslynAnalysisRunner will not be running.
RoslynAnalysisRunner has terminated.
Mono: successfully reloaded assembly
- Completed reload, in  0.654 seconds
Platform modules already initialized, skipping
Refreshing native plugins compatible for Editor in 0.23 ms, found 0 plugins.
Preloading 0 native plugins for Editor in 0.00 ms.
Unloading 626 Unused Serialized files (Serialized files now loaded: 0)
System memory in use before: 65.0 MB.
System memory in use after: 65.1 MB.

Unloading 3 unused Assets to reduce memory usage. Loaded Objects now: 1174.
Total: 1.528400 ms (FindLiveObjects: 0.097500 ms CreateObjectMapping: 0.049200 ms MarkObjects: 1.366900 ms  DeleteObjects: 0.013700 ms)

========================================================================
Received Prepare
Registering precompiled user dll's ...
Registered in 0.000631 seconds.
Begin MonoManager ReloadAssembly
Native extension for WindowsStandalone target not found
Refreshing native plugins compatible for Editor in 0.12 ms, found 0 plugins.
Preloading 0 native plugins for Editor in 0.00 ms.
Invoked RoslynAnalysisRunner static constructor.
RoslynAnalysisRunner will not be running.
RoslynAnalysisRunner has terminated.
Mono: successfully reloaded assembly
- Completed reload, in  0.624 seconds
Platform modules already initialized, skipping
Refreshing native plugins compatible for Editor in 0.14 ms, found 0 plugins.
Preloading 0 native plugins for Editor in 0.00 ms.
Unloading 626 Unused Serialized files (Serialized files now loaded: 0)
System memory in use before: 65.0 MB.
System memory in use after: 65.1 MB.

Unloading 3 unused Assets to reduce memory usage. Loaded Objects now: 1176.
Total: 1.400700 ms (FindLiveObjects: 0.105400 ms CreateObjectMapping: 0.019300 ms MarkObjects: 1.260100 ms  DeleteObjects: 0.014600 ms)

AssetImportWorkerClient::OnTransportError - code=2 error=End of file
