Using pre-set license
Built from '2020.2/release' branch; Version is '2020.2.1f1 (270dd8c3da1c) revision 2559448'; Using compiler version '192528614'; Build Type 'Release'
OS: 'Windows 10  (10.0.0) 64bit' Language: 'ko' Physical Memory: 16233 MB
BatchMode: 1, IsHumanControllingUs: 0, StartBugReporterOnCrash: 0, Is64bit: 1, IsPro: 0

 COMMAND LINE ARGUMENTS:
F:\Unity\2020.2.1f1\Editor\Unity.exe
-adb2
-batchMode
-noUpm
-name
AssetImportWorker0
-projectPath
C:/Users/ROG/Desktop/Git/newdestoryunity/Save
-logFile
Logs/AssetImportWorker0.log
-srvPort
49706
Successfully changed project path to: C:/Users/ROG/Desktop/Git/newdestoryunity/Save
C:/Users/ROG/Desktop/Git/newdestoryunity/Save
Using Asset Import Pipeline V2.
Refreshing native plugins compatible for Editor in 32.66 ms, found 1 plugins.
Preloading 0 native plugins for Editor in 0.00 ms.
Initialize engine version: 2020.2.1f1 (270dd8c3da1c)
[Subsystems] Discovering subsystems at path F:/Unity/2020.2.1f1/Editor/Data/Resources/UnitySubsystems
[Subsystems] Discovering subsystems at path C:/Users/ROG/Desktop/Git/newdestoryunity/Save/Assets
GfxDevice: creating device client; threaded=0
Direct3D:
    Version:  Direct3D 11.0 [level 11.1]
    Renderer: NVIDIA GeForce RTX 2060 (ID=0x1f11)
    Vendor:   
    VRAM:     5980 MB
    Driver:   26.21.14.4193
Initialize mono
Mono path[0] = 'F:/Unity/2020.2.1f1/Editor/Data/Managed'
Mono path[1] = 'F:/Unity/2020.2.1f1/Editor/Data/MonoBleedingEdge/lib/mono/unityjit'
Mono config path = 'F:/Unity/2020.2.1f1/Editor/Data/MonoBleedingEdge/etc'
Using monoOptions --debugger-agent=transport=dt_socket,embedding=1,server=y,suspend=n,address=127.0.0.1:56036
Begin MonoManager ReloadAssembly
Registering precompiled unity dll's ...
Register platform support module: F:/Unity/2020.2.1f1/Editor/Data/PlaybackEngines/WindowsStandaloneSupport/UnityEditor.WindowsStandalone.Extensions.dll
Registered in 0.001020 seconds.
Native extension for WindowsStandalone target not found
Refreshing native plugins compatible for Editor in 31.37 ms, found 1 plugins.
Preloading 0 native plugins for Editor in 0.00 ms.
Invoked RoslynAnalysisRunner static constructor.
RoslynAnalysisRunner will not be running.
RoslynAnalysisRunner has terminated.
Mono: successfully reloaded assembly
- Completed reload, in  1.441 seconds
Platform modules already initialized, skipping
Registering precompiled user dll's ...
Registered in 0.001118 seconds.
Begin MonoManager ReloadAssembly
Native extension for WindowsStandalone target not found
Refreshing native plugins compatible for Editor in 32.70 ms, found 1 plugins.
Preloading 0 native plugins for Editor in 0.00 ms.
Invoked RoslynAnalysisRunner static constructor.
RoslynAnalysisRunner will not be running.
RoslynAnalysisRunner has terminated.
Mono: successfully reloaded assembly
- Completed reload, in  0.896 seconds
Platform modules already initialized, skipping
========================================================================
Worker process is ready to serve import requests
Launched and connected shader compiler UnityShaderCompiler.exe after 0.04 seconds
Refreshing native plugins compatible for Editor in 0.31 ms, found 1 plugins.
Preloading 0 native plugins for Editor in 0.00 ms.
Unloading 1787 Unused Serialized files (Serialized files now loaded: 0)
System memory in use before: 83.5 MB.
System memory in use after: 83.5 MB.

Unloading 24 unused Assets to reduce memory usage. Loaded Objects now: 2226.
Total: 2.021200 ms (FindLiveObjects: 0.200300 ms CreateObjectMapping: 0.088400 ms MarkObjects: 1.635500 ms  DeleteObjects: 0.095900 ms)

========================================================================
Received Import Request.
  path: Assets
  artifactKey: Guid(00000000000000001000000000000000) Importer(815301076,1909f56bfc062723c751e8b465ee728b)
Start importing Assets using Guid(00000000000000001000000000000000) Importer(815301076,1909f56bfc062723c751e8b465ee728b)  -> (artifact id: 'e1a2c4dac9df7c17871e19a3b74f0e9f') in 0.030582 seconds
  Import took 0.033357 seconds .

========================================================================
Received Import Request.
  Time since last request: 10.848571 seconds.
  path: Assets/01. Scripts
  artifactKey: Guid(6b81b8b8cf1600747b2ed8a1d4ef47d1) Importer(815301076,1909f56bfc062723c751e8b465ee728b)
Start importing Assets/01. Scripts using Guid(6b81b8b8cf1600747b2ed8a1d4ef47d1) Importer(815301076,1909f56bfc062723c751e8b465ee728b)  -> (artifact id: '1fd1808a339e8cbe077f7955051617a0') in 0.004194 seconds
  Import took 0.007207 seconds .

========================================================================
Received Import Request.
  Time since last request: 4.244305 seconds.
  path: Assets/Scenes
  artifactKey: Guid(e64c2cdfef631cb44971a1d3927ee567) Importer(815301076,1909f56bfc062723c751e8b465ee728b)
Start importing Assets/Scenes using Guid(e64c2cdfef631cb44971a1d3927ee567) Importer(815301076,1909f56bfc062723c751e8b465ee728b)  -> (artifact id: '09f3e230ddfb2218a3f2c5636dfaf520') in 0.003554 seconds
  Import took 0.006521 seconds .

========================================================================
Received Import Request.
  Time since last request: 2.293156 seconds.
  path: Assets/00. Scenes
  artifactKey: Guid(e64c2cdfef631cb44971a1d3927ee567) Importer(815301076,1909f56bfc062723c751e8b465ee728b)
Start importing Assets/00. Scenes using Guid(e64c2cdfef631cb44971a1d3927ee567) Importer(815301076,1909f56bfc062723c751e8b465ee728b)  -> (artifact id: 'b2eaee626e2934ceede63641cf1b9b63') in 0.003524 seconds
  Import took 0.006830 seconds .

========================================================================
Received Import Request.
  Time since last request: 2.373384 seconds.
  path: Assets/00. Scenes/SampleScene.unity
  artifactKey: Guid(2cda990e2423bbf4892e6590ba056729) Importer(815301076,1909f56bfc062723c751e8b465ee728b)
Start importing Assets/00. Scenes/SampleScene.unity using Guid(2cda990e2423bbf4892e6590ba056729) Importer(815301076,1909f56bfc062723c751e8b465ee728b)  -> (artifact id: '68e638b9c95263cbd6c5b1eb18544bd4') in 0.011512 seconds
  Import took 0.014648 seconds .

========================================================================
Received Import Request.
  Time since last request: 2.922096 seconds.
  path: Assets/00. Scenes/Main.unity
  artifactKey: Guid(2cda990e2423bbf4892e6590ba056729) Importer(815301076,1909f56bfc062723c751e8b465ee728b)
Start importing Assets/00. Scenes/Main.unity using Guid(2cda990e2423bbf4892e6590ba056729) Importer(815301076,1909f56bfc062723c751e8b465ee728b)  -> (artifact id: '62c16df1c8575918ce5399447dbdbbe4') in 0.003646 seconds
  Import took 0.006882 seconds .

========================================================================
Received Import Request.
  Time since last request: 18.080873 seconds.
  path: Assets/01. Scripts/PrefSaveSystem.cs
  artifactKey: Guid(a132c0ac34101e94c98968a31b9a056d) Importer(815301076,1909f56bfc062723c751e8b465ee728b)
Start importing Assets/01. Scripts/PrefSaveSystem.cs using Guid(a132c0ac34101e94c98968a31b9a056d) Importer(815301076,1909f56bfc062723c751e8b465ee728b)  -> (artifact id: 'd6b01a25eb1f517efde0f26c387b0d83') in 0.042104 seconds
  Import took 0.045489 seconds .

========================================================================
Received Prepare
Registering precompiled user dll's ...
Registered in 0.001131 seconds.
Begin MonoManager ReloadAssembly
Native extension for WindowsStandalone target not found
Refreshing native plugins compatible for Editor in 0.32 ms, found 1 plugins.
Preloading 0 native plugins for Editor in 0.00 ms.
Invoked RoslynAnalysisRunner static constructor.
RoslynAnalysisRunner will not be running.
RoslynAnalysisRunner has terminated.
Mono: successfully reloaded assembly
- Completed reload, in  0.794 seconds
Platform modules already initialized, skipping
Refreshing native plugins compatible for Editor in 0.35 ms, found 1 plugins.
Preloading 0 native plugins for Editor in 0.00 ms.
Unloading 1783 Unused Serialized files (Serialized files now loaded: 0)
System memory in use before: 83.6 MB.
System memory in use after: 83.6 MB.

Unloading 12 unused Assets to reduce memory usage. Loaded Objects now: 2230.
Total: 1.787400 ms (FindLiveObjects: 0.174100 ms CreateObjectMapping: 0.058100 ms MarkObjects: 1.430000 ms  DeleteObjects: 0.124300 ms)

========================================================================
Received Prepare
Registering precompiled user dll's ...
Registered in 0.001377 seconds.
Begin MonoManager ReloadAssembly
Native extension for WindowsStandalone target not found
Refreshing native plugins compatible for Editor in 0.33 ms, found 1 plugins.
Preloading 0 native plugins for Editor in 0.00 ms.
Invoked RoslynAnalysisRunner static constructor.
RoslynAnalysisRunner will not be running.
RoslynAnalysisRunner has terminated.
Mono: successfully reloaded assembly
- Completed reload, in  0.880 seconds
Platform modules already initialized, skipping
Refreshing native plugins compatible for Editor in 0.35 ms, found 1 plugins.
Preloading 0 native plugins for Editor in 0.00 ms.
Unloading 1783 Unused Serialized files (Serialized files now loaded: 0)
System memory in use before: 83.7 MB.
System memory in use after: 83.7 MB.

Unloading 12 unused Assets to reduce memory usage. Loaded Objects now: 2233.
Total: 1.881600 ms (FindLiveObjects: 0.212800 ms CreateObjectMapping: 0.070900 ms MarkObjects: 1.507700 ms  DeleteObjects: 0.089100 ms)

========================================================================
Received Import Request.
  Time since last request: 325.184025 seconds.
  path: Assets/01. Scripts/PrefSaveSystem.cs
  artifactKey: Guid(a132c0ac34101e94c98968a31b9a056d) Importer(815301076,1909f56bfc062723c751e8b465ee728b)
Start importing Assets/01. Scripts/PrefSaveSystem.cs using Guid(a132c0ac34101e94c98968a31b9a056d) Importer(815301076,1909f56bfc062723c751e8b465ee728b)  -> (artifact id: '9cf11f1234c1e4ea413222822bf75f16') in 0.005463 seconds
  Import took 0.008587 seconds .

========================================================================
Received Prepare
Registering precompiled user dll's ...
Registered in 0.001347 seconds.
Begin MonoManager ReloadAssembly
Native extension for WindowsStandalone target not found
Refreshing native plugins compatible for Editor in 0.33 ms, found 1 plugins.
Preloading 0 native plugins for Editor in 0.00 ms.
Invoked RoslynAnalysisRunner static constructor.
RoslynAnalysisRunner will not be running.
RoslynAnalysisRunner has terminated.
Mono: successfully reloaded assembly
- Completed reload, in  0.836 seconds
Platform modules already initialized, skipping
Refreshing native plugins compatible for Editor in 0.32 ms, found 1 plugins.
Preloading 0 native plugins for Editor in 0.00 ms.
Unloading 1783 Unused Serialized files (Serialized files now loaded: 0)
System memory in use before: 83.7 MB.
System memory in use after: 83.7 MB.

Unloading 12 unused Assets to reduce memory usage. Loaded Objects now: 2236.
Total: 1.985400 ms (FindLiveObjects: 0.165600 ms CreateObjectMapping: 0.059400 ms MarkObjects: 1.670900 ms  DeleteObjects: 0.088500 ms)

========================================================================
Received Import Request.
  Time since last request: 21.900827 seconds.
  path: Assets/01. Scripts/PrefSaveSystem.cs
  artifactKey: Guid(a132c0ac34101e94c98968a31b9a056d) Importer(815301076,1909f56bfc062723c751e8b465ee728b)
Start importing Assets/01. Scripts/PrefSaveSystem.cs using Guid(a132c0ac34101e94c98968a31b9a056d) Importer(815301076,1909f56bfc062723c751e8b465ee728b)  -> (artifact id: '1713865eed5d34b35824d227506b2124') in 0.005075 seconds
  Import took 0.008080 seconds .

========================================================================
Received Import Request.
  Time since last request: 0.008965 seconds.
  path: Assets/01. Scripts/PrefSaveSystem.cs
  artifactKey: Guid(a132c0ac34101e94c98968a31b9a056d) Importer(815301076,1909f56bfc062723c751e8b465ee728b)
Start importing Assets/01. Scripts/PrefSaveSystem.cs using Guid(a132c0ac34101e94c98968a31b9a056d) Importer(815301076,1909f56bfc062723c751e8b465ee728b)  -> (artifact id: '1713865eed5d34b35824d227506b2124') in 0.003008 seconds
  Import took 0.005705 seconds .

========================================================================
Received Prepare
Registering precompiled user dll's ...
Registered in 0.001267 seconds.
Begin MonoManager ReloadAssembly
Native extension for WindowsStandalone target not found
Refreshing native plugins compatible for Editor in 0.32 ms, found 1 plugins.
Preloading 0 native plugins for Editor in 0.00 ms.
Invoked RoslynAnalysisRunner static constructor.
RoslynAnalysisRunner will not be running.
RoslynAnalysisRunner has terminated.
Mono: successfully reloaded assembly
- Completed reload, in  0.787 seconds
Platform modules already initialized, skipping
Refreshing native plugins compatible for Editor in 0.35 ms, found 1 plugins.
Preloading 0 native plugins for Editor in 0.00 ms.
Unloading 1783 Unused Serialized files (Serialized files now loaded: 0)
System memory in use before: 83.8 MB.
System memory in use after: 83.8 MB.

Unloading 12 unused Assets to reduce memory usage. Loaded Objects now: 2239.
Total: 1.886700 ms (FindLiveObjects: 0.177100 ms CreateObjectMapping: 0.066100 ms MarkObjects: 1.556900 ms  DeleteObjects: 0.085000 ms)

========================================================================
Received Prepare
Registering precompiled user dll's ...
Registered in 0.001268 seconds.
Begin MonoManager ReloadAssembly
Native extension for WindowsStandalone target not found
Refreshing native plugins compatible for Editor in 0.33 ms, found 1 plugins.
Preloading 0 native plugins for Editor in 0.00 ms.
Invoked RoslynAnalysisRunner static constructor.
RoslynAnalysisRunner will not be running.
RoslynAnalysisRunner has terminated.
Mono: successfully reloaded assembly
- Completed reload, in  0.810 seconds
Platform modules already initialized, skipping
Refreshing native plugins compatible for Editor in 0.32 ms, found 1 plugins.
Preloading 0 native plugins for Editor in 0.00 ms.
Unloading 1783 Unused Serialized files (Serialized files now loaded: 0)
System memory in use before: 83.9 MB.
System memory in use after: 83.9 MB.

Unloading 12 unused Assets to reduce memory usage. Loaded Objects now: 2242.
Total: 1.926100 ms (FindLiveObjects: 0.171700 ms CreateObjectMapping: 0.060600 ms MarkObjects: 1.603500 ms  DeleteObjects: 0.089500 ms)

========================================================================
Received Import Request.
  Time since last request: 371.663767 seconds.
  path: Assets/01. Scripts/PrefSaveSystem.cs
  artifactKey: Guid(a132c0ac34101e94c98968a31b9a056d) Importer(815301076,1909f56bfc062723c751e8b465ee728b)
Start importing Assets/01. Scripts/PrefSaveSystem.cs using Guid(a132c0ac34101e94c98968a31b9a056d) Importer(815301076,1909f56bfc062723c751e8b465ee728b)  -> (artifact id: '8bb908f02e4e0833fe02630b05438aba') in 0.004957 seconds
  Import took 0.008140 seconds .

========================================================================
Received Import Request.
  Time since last request: 85.683958 seconds.
  path: Assets/01. Scripts/JsonSaveSystem.cs
  artifactKey: Guid(1e9820e799ccdda4c9b53aff3e335cbd) Importer(815301076,1909f56bfc062723c751e8b465ee728b)
Start importing Assets/01. Scripts/JsonSaveSystem.cs using Guid(1e9820e799ccdda4c9b53aff3e335cbd) Importer(815301076,1909f56bfc062723c751e8b465ee728b)  -> (artifact id: 'e706e4253de469f93496050dd16738c8') in 0.003393 seconds
  Import took 0.007499 seconds .

========================================================================
Received Prepare
Registering precompiled user dll's ...
Registered in 0.001189 seconds.
Begin MonoManager ReloadAssembly
Native extension for WindowsStandalone target not found
Refreshing native plugins compatible for Editor in 0.49 ms, found 1 plugins.
Preloading 0 native plugins for Editor in 0.00 ms.
Invoked RoslynAnalysisRunner static constructor.
RoslynAnalysisRunner will not be running.
RoslynAnalysisRunner has terminated.
Mono: successfully reloaded assembly
- Completed reload, in  0.849 seconds
Platform modules already initialized, skipping
Refreshing native plugins compatible for Editor in 0.34 ms, found 1 plugins.
Preloading 0 native plugins for Editor in 0.00 ms.
Unloading 1784 Unused Serialized files (Serialized files now loaded: 0)
System memory in use before: 84.0 MB.
System memory in use after: 84.0 MB.

Unloading 12 unused Assets to reduce memory usage. Loaded Objects now: 2246.
Total: 1.952700 ms (FindLiveObjects: 0.257700 ms CreateObjectMapping: 0.062100 ms MarkObjects: 1.546900 ms  DeleteObjects: 0.085200 ms)

========================================================================
Received Prepare
Registering precompiled user dll's ...
Registered in 0.001170 seconds.
Begin MonoManager ReloadAssembly
Native extension for WindowsStandalone target not found
Refreshing native plugins compatible for Editor in 0.37 ms, found 1 plugins.
Preloading 0 native plugins for Editor in 0.00 ms.
Invoked RoslynAnalysisRunner static constructor.
RoslynAnalysisRunner will not be running.
RoslynAnalysisRunner has terminated.
Mono: successfully reloaded assembly
- Completed reload, in  0.806 seconds
Platform modules already initialized, skipping
Refreshing native plugins compatible for Editor in 0.36 ms, found 1 plugins.
Preloading 0 native plugins for Editor in 0.00 ms.
Unloading 1784 Unused Serialized files (Serialized files now loaded: 0)
System memory in use before: 84.0 MB.
System memory in use after: 84.0 MB.

Unloading 12 unused Assets to reduce memory usage. Loaded Objects now: 2249.
Total: 2.268700 ms (FindLiveObjects: 0.301400 ms CreateObjectMapping: 0.083300 ms MarkObjects: 1.791400 ms  DeleteObjects: 0.091800 ms)

========================================================================
Received Import Request.
  Time since last request: 678.791255 seconds.
  path: Assets/01. Scripts/JsonSaveSystem.cs
  artifactKey: Guid(1e9820e799ccdda4c9b53aff3e335cbd) Importer(815301076,1909f56bfc062723c751e8b465ee728b)
Start importing Assets/01. Scripts/JsonSaveSystem.cs using Guid(1e9820e799ccdda4c9b53aff3e335cbd) Importer(815301076,1909f56bfc062723c751e8b465ee728b)  -> (artifact id: '831c1c685a1160c97fa5983697bfb46a') in 0.005061 seconds
  Import took 0.008047 seconds .

========================================================================
Received Prepare
Registering precompiled user dll's ...
Registered in 0.006659 seconds.
Begin MonoManager ReloadAssembly
Native extension for WindowsStandalone target not found
Refreshing native plugins compatible for Editor in 0.34 ms, found 1 plugins.
Preloading 0 native plugins for Editor in 0.00 ms.
Invoked RoslynAnalysisRunner static constructor.
RoslynAnalysisRunner will not be running.
RoslynAnalysisRunner has terminated.
Mono: successfully reloaded assembly
- Completed reload, in  0.928 seconds
Platform modules already initialized, skipping
Refreshing native plugins compatible for Editor in 0.34 ms, found 1 plugins.
Preloading 0 native plugins for Editor in 0.00 ms.
Unloading 1784 Unused Serialized files (Serialized files now loaded: 0)
System memory in use before: 84.1 MB.
System memory in use after: 84.1 MB.

Unloading 12 unused Assets to reduce memory usage. Loaded Objects now: 2252.
Total: 2.113000 ms (FindLiveObjects: 0.313800 ms CreateObjectMapping: 0.068100 ms MarkObjects: 1.638100 ms  DeleteObjects: 0.090900 ms)

========================================================================
Received Prepare
Registering precompiled user dll's ...
Registered in 0.001237 seconds.
Begin MonoManager ReloadAssembly
Native extension for WindowsStandalone target not found
Refreshing native plugins compatible for Editor in 0.53 ms, found 1 plugins.
Preloading 0 native plugins for Editor in 0.00 ms.
Invoked RoslynAnalysisRunner static constructor.
RoslynAnalysisRunner will not be running.
RoslynAnalysisRunner has terminated.
Mono: successfully reloaded assembly
- Completed reload, in  0.965 seconds
Platform modules already initialized, skipping
Refreshing native plugins compatible for Editor in 0.32 ms, found 1 plugins.
Preloading 0 native plugins for Editor in 0.00 ms.
Unloading 1784 Unused Serialized files (Serialized files now loaded: 0)
System memory in use before: 84.1 MB.
System memory in use after: 84.1 MB.

Unloading 12 unused Assets to reduce memory usage. Loaded Objects now: 2255.
Total: 1.922100 ms (FindLiveObjects: 0.157600 ms CreateObjectMapping: 0.054300 ms MarkObjects: 1.620700 ms  DeleteObjects: 0.088400 ms)

========================================================================
Received Import Request.
  Time since last request: 53.471960 seconds.
  path: Assets/01. Scripts/JsonSaveSystem.cs
  artifactKey: Guid(1e9820e799ccdda4c9b53aff3e335cbd) Importer(815301076,1909f56bfc062723c751e8b465ee728b)
Start importing Assets/01. Scripts/JsonSaveSystem.cs using Guid(1e9820e799ccdda4c9b53aff3e335cbd) Importer(815301076,1909f56bfc062723c751e8b465ee728b)  -> (artifact id: '544c054eabca2897dace83a2ebe0d3e3') in 0.005228 seconds
  Import took 0.008314 seconds .

========================================================================
Received Import Request.
  Time since last request: 0.000949 seconds.
  path: Assets/01. Scripts/JsonSaveSystem.cs
  artifactKey: Guid(1e9820e799ccdda4c9b53aff3e335cbd) Importer(815301076,1909f56bfc062723c751e8b465ee728b)
Start importing Assets/01. Scripts/JsonSaveSystem.cs using Guid(1e9820e799ccdda4c9b53aff3e335cbd) Importer(815301076,1909f56bfc062723c751e8b465ee728b)  -> (artifact id: '544c054eabca2897dace83a2ebe0d3e3') in 0.003686 seconds
  Import took 0.006256 seconds .

========================================================================
Received Prepare
Registering precompiled user dll's ...
Registered in 0.001993 seconds.
Begin MonoManager ReloadAssembly
Native extension for WindowsStandalone target not found
Refreshing native plugins compatible for Editor in 0.35 ms, found 1 plugins.
Preloading 0 native plugins for Editor in 0.00 ms.
Invoked RoslynAnalysisRunner static constructor.
RoslynAnalysisRunner will not be running.
RoslynAnalysisRunner has terminated.
Mono: successfully reloaded assembly
- Completed reload, in  0.832 seconds
Platform modules already initialized, skipping
Refreshing native plugins compatible for Editor in 0.39 ms, found 1 plugins.
Preloading 0 native plugins for Editor in 0.00 ms.
Unloading 1784 Unused Serialized files (Serialized files now loaded: 0)
System memory in use before: 84.2 MB.
System memory in use after: 84.2 MB.

Unloading 12 unused Assets to reduce memory usage. Loaded Objects now: 2258.
Total: 1.994000 ms (FindLiveObjects: 0.197300 ms CreateObjectMapping: 0.075300 ms MarkObjects: 1.630700 ms  DeleteObjects: 0.089400 ms)

========================================================================
Received Import Request.
  Time since last request: 20.698439 seconds.
  path: Assets/01. Scripts/JsonSaveSystem.cs
  artifactKey: Guid(1e9820e799ccdda4c9b53aff3e335cbd) Importer(815301076,1909f56bfc062723c751e8b465ee728b)
Start importing Assets/01. Scripts/JsonSaveSystem.cs using Guid(1e9820e799ccdda4c9b53aff3e335cbd) Importer(815301076,1909f56bfc062723c751e8b465ee728b)  -> (artifact id: '4408a5a1868bfac4a44681259310b593') in 0.005238 seconds
  Import took 0.007803 seconds .

========================================================================
Received Import Request.
  Time since last request: 277.934180 seconds.
  path: Assets/01. Scripts/BinarySaveSystem.cs
  artifactKey: Guid(c7da8092d8780844d8196f072c8631c5) Importer(815301076,1909f56bfc062723c751e8b465ee728b)
Start importing Assets/01. Scripts/BinarySaveSystem.cs using Guid(c7da8092d8780844d8196f072c8631c5) Importer(815301076,1909f56bfc062723c751e8b465ee728b)  -> (artifact id: '83b04d21a55c2b176388e198247257f6') in 0.004520 seconds
  Import took 0.007836 seconds .

========================================================================
Received Prepare
Registering precompiled user dll's ...
Registered in 0.001284 seconds.
Begin MonoManager ReloadAssembly
Native extension for WindowsStandalone target not found
Refreshing native plugins compatible for Editor in 0.33 ms, found 1 plugins.
Preloading 0 native plugins for Editor in 0.00 ms.
Invoked RoslynAnalysisRunner static constructor.
RoslynAnalysisRunner will not be running.
RoslynAnalysisRunner has terminated.
Mono: successfully reloaded assembly
- Completed reload, in  0.855 seconds
Platform modules already initialized, skipping
Refreshing native plugins compatible for Editor in 0.32 ms, found 1 plugins.
Preloading 0 native plugins for Editor in 0.00 ms.
Unloading 1785 Unused Serialized files (Serialized files now loaded: 0)
System memory in use before: 84.3 MB.
System memory in use after: 84.3 MB.

Unloading 12 unused Assets to reduce memory usage. Loaded Objects now: 2262.
Total: 2.136600 ms (FindLiveObjects: 0.199600 ms CreateObjectMapping: 0.080000 ms MarkObjects: 1.763100 ms  DeleteObjects: 0.092600 ms)

========================================================================
Received Prepare
Registering precompiled user dll's ...
Registered in 0.001762 seconds.
Begin MonoManager ReloadAssembly
Native extension for WindowsStandalone target not found
Refreshing native plugins compatible for Editor in 0.36 ms, found 1 plugins.
Preloading 0 native plugins for Editor in 0.00 ms.
Invoked RoslynAnalysisRunner static constructor.
RoslynAnalysisRunner will not be running.
RoslynAnalysisRunner has terminated.
Mono: successfully reloaded assembly
- Completed reload, in  0.851 seconds
Platform modules already initialized, skipping
Refreshing native plugins compatible for Editor in 0.34 ms, found 1 plugins.
Preloading 0 native plugins for Editor in 0.00 ms.
Unloading 1785 Unused Serialized files (Serialized files now loaded: 0)
System memory in use before: 84.3 MB.
System memory in use after: 84.3 MB.

Unloading 12 unused Assets to reduce memory usage. Loaded Objects now: 2265.
Total: 2.005600 ms (FindLiveObjects: 0.221700 ms CreateObjectMapping: 0.074200 ms MarkObjects: 1.611800 ms  DeleteObjects: 0.096400 ms)

========================================================================
Received Import Request.
  Time since last request: 1142.697443 seconds.
  path: Assets/01. Scripts/BinarySaveSystem.cs
  artifactKey: Guid(c7da8092d8780844d8196f072c8631c5) Importer(815301076,1909f56bfc062723c751e8b465ee728b)
Start importing Assets/01. Scripts/BinarySaveSystem.cs using Guid(c7da8092d8780844d8196f072c8631c5) Importer(815301076,1909f56bfc062723c751e8b465ee728b)  -> (artifact id: '690319204d669e5dd90a8c7e3dfc0e02') in 0.005122 seconds
  Import took 0.007634 seconds .

========================================================================
Received Prepare
Registering precompiled user dll's ...
Registered in 0.018660 seconds.
Begin MonoManager ReloadAssembly
Native extension for WindowsStandalone target not found
Refreshing native plugins compatible for Editor in 0.44 ms, found 1 plugins.
Preloading 0 native plugins for Editor in 0.00 ms.
Invoked RoslynAnalysisRunner static constructor.
RoslynAnalysisRunner will not be running.
RoslynAnalysisRunner has terminated.
Mono: successfully reloaded assembly
- Completed reload, in  0.880 seconds
Platform modules already initialized, skipping
Refreshing native plugins compatible for Editor in 0.33 ms, found 1 plugins.
Preloading 0 native plugins for Editor in 0.00 ms.
Unloading 1785 Unused Serialized files (Serialized files now loaded: 0)
System memory in use before: 84.4 MB.
System memory in use after: 84.4 MB.

Unloading 12 unused Assets to reduce memory usage. Loaded Objects now: 2268.
Total: 2.138900 ms (FindLiveObjects: 0.199200 ms CreateObjectMapping: 0.077200 ms MarkObjects: 1.766700 ms  DeleteObjects: 0.093100 ms)

========================================================================
Received Prepare
Registering precompiled user dll's ...
Registered in 0.001233 seconds.
Begin MonoManager ReloadAssembly
Native extension for WindowsStandalone target not found
Refreshing native plugins compatible for Editor in 0.41 ms, found 1 plugins.
Preloading 0 native plugins for Editor in 0.00 ms.
Invoked RoslynAnalysisRunner static constructor.
RoslynAnalysisRunner will not be running.
RoslynAnalysisRunner has terminated.
Mono: successfully reloaded assembly
- Completed reload, in  1.078 seconds
Platform modules already initialized, skipping
Refreshing native plugins compatible for Editor in 0.57 ms, found 1 plugins.
Preloading 0 native plugins for Editor in 0.00 ms.
Unloading 1785 Unused Serialized files (Serialized files now loaded: 0)
System memory in use before: 84.4 MB.
System memory in use after: 84.4 MB.

Unloading 12 unused Assets to reduce memory usage. Loaded Objects now: 2271.
Total: 2.554800 ms (FindLiveObjects: 0.276200 ms CreateObjectMapping: 0.132300 ms MarkObjects: 2.041600 ms  DeleteObjects: 0.103500 ms)

========================================================================
Received Prepare
Registering precompiled user dll's ...
Registered in 0.001219 seconds.
Begin MonoManager ReloadAssembly
Native extension for WindowsStandalone target not found
Refreshing native plugins compatible for Editor in 0.32 ms, found 1 plugins.
Preloading 0 native plugins for Editor in 0.00 ms.
Invoked RoslynAnalysisRunner static constructor.
RoslynAnalysisRunner will not be running.
RoslynAnalysisRunner has terminated.
Mono: successfully reloaded assembly
- Completed reload, in  0.809 seconds
Platform modules already initialized, skipping
Refreshing native plugins compatible for Editor in 0.32 ms, found 1 plugins.
Preloading 0 native plugins for Editor in 0.00 ms.
Unloading 1785 Unused Serialized files (Serialized files now loaded: 0)
System memory in use before: 84.5 MB.
System memory in use after: 84.5 MB.

Unloading 12 unused Assets to reduce memory usage. Loaded Objects now: 2274.
Total: 1.969900 ms (FindLiveObjects: 0.192200 ms CreateObjectMapping: 0.060000 ms MarkObjects: 1.582000 ms  DeleteObjects: 0.134200 ms)

========================================================================
Received Prepare
Registering precompiled user dll's ...
Registered in 0.004220 seconds.
Begin MonoManager ReloadAssembly
Native extension for WindowsStandalone target not found
Refreshing native plugins compatible for Editor in 0.52 ms, found 1 plugins.
Preloading 0 native plugins for Editor in 0.00 ms.
Invoked RoslynAnalysisRunner static constructor.
RoslynAnalysisRunner will not be running.
RoslynAnalysisRunner has terminated.
Mono: successfully reloaded assembly
- Completed reload, in  0.864 seconds
Platform modules already initialized, skipping
Refreshing native plugins compatible for Editor in 0.34 ms, found 1 plugins.
Preloading 0 native plugins for Editor in 0.00 ms.
Unloading 1785 Unused Serialized files (Serialized files now loaded: 0)
System memory in use before: 84.5 MB.
System memory in use after: 84.5 MB.

Unloading 12 unused Assets to reduce memory usage. Loaded Objects now: 2277.
Total: 1.780200 ms (FindLiveObjects: 0.173200 ms CreateObjectMapping: 0.063400 ms MarkObjects: 1.454100 ms  DeleteObjects: 0.088600 ms)

========================================================================
Received Import Request.
  Time since last request: 283.986786 seconds.
  path: Assets/01. Scripts/BinaryFormat.cs
  artifactKey: Guid(229e03c8f0fd9894eb240675576c9130) Importer(815301076,1909f56bfc062723c751e8b465ee728b)
Start importing Assets/01. Scripts/BinaryFormat.cs using Guid(229e03c8f0fd9894eb240675576c9130) Importer(815301076,1909f56bfc062723c751e8b465ee728b)  -> (artifact id: '209a657dff57d3946260e3038a088883') in 0.009482 seconds
  Import took 0.013045 seconds .

========================================================================
Received Prepare
Registering precompiled user dll's ...
Registered in 0.001248 seconds.
Begin MonoManager ReloadAssembly
Native extension for WindowsStandalone target not found
Refreshing native plugins compatible for Editor in 0.38 ms, found 1 plugins.
Preloading 0 native plugins for Editor in 0.00 ms.
Invoked RoslynAnalysisRunner static constructor.
RoslynAnalysisRunner will not be running.
RoslynAnalysisRunner has terminated.
Mono: successfully reloaded assembly
- Completed reload, in  0.893 seconds
Platform modules already initialized, skipping
Refreshing native plugins compatible for Editor in 0.33 ms, found 1 plugins.
Preloading 0 native plugins for Editor in 0.00 ms.
Unloading 1786 Unused Serialized files (Serialized files now loaded: 0)
System memory in use before: 84.6 MB.
System memory in use after: 84.6 MB.

Unloading 12 unused Assets to reduce memory usage. Loaded Objects now: 2281.
Total: 1.891200 ms (FindLiveObjects: 0.180900 ms CreateObjectMapping: 0.065400 ms MarkObjects: 1.551100 ms  DeleteObjects: 0.092000 ms)

========================================================================
Received Prepare
Registering precompiled user dll's ...
Registered in 0.001146 seconds.
Begin MonoManager ReloadAssembly
Native extension for WindowsStandalone target not found
Refreshing native plugins compatible for Editor in 0.33 ms, found 1 plugins.
Preloading 0 native plugins for Editor in 0.00 ms.
Invoked RoslynAnalysisRunner static constructor.
RoslynAnalysisRunner will not be running.
RoslynAnalysisRunner has terminated.
Mono: successfully reloaded assembly
- Completed reload, in  0.797 seconds
Platform modules already initialized, skipping
Refreshing native plugins compatible for Editor in 0.35 ms, found 1 plugins.
Preloading 0 native plugins for Editor in 0.00 ms.
Unloading 1786 Unused Serialized files (Serialized files now loaded: 0)
System memory in use before: 84.7 MB.
System memory in use after: 84.7 MB.

Unloading 12 unused Assets to reduce memory usage. Loaded Objects now: 2284.
Total: 2.097400 ms (FindLiveObjects: 0.260700 ms CreateObjectMapping: 0.099500 ms MarkObjects: 1.647500 ms  DeleteObjects: 0.088700 ms)

========================================================================
Received Import Request.
  Time since last request: 473.422560 seconds.
  path: Assets/01. Scripts/BinaryFormat.cs
  artifactKey: Guid(229e03c8f0fd9894eb240675576c9130) Importer(815301076,1909f56bfc062723c751e8b465ee728b)
Start importing Assets/01. Scripts/BinaryFormat.cs using Guid(229e03c8f0fd9894eb240675576c9130) Importer(815301076,1909f56bfc062723c751e8b465ee728b)  -> (artifact id: '3e8fe9d3bcfa5b3084550f476ffa0839') in 0.005010 seconds
  Import took 0.008440 seconds .

========================================================================
Received Prepare
Registering precompiled user dll's ...
Registered in 0.001911 seconds.
Begin MonoManager ReloadAssembly
Native extension for WindowsStandalone target not found
Refreshing native plugins compatible for Editor in 0.37 ms, found 1 plugins.
Preloading 0 native plugins for Editor in 0.00 ms.
Invoked RoslynAnalysisRunner static constructor.
RoslynAnalysisRunner will not be running.
RoslynAnalysisRunner has terminated.
Mono: successfully reloaded assembly
- Completed reload, in  0.808 seconds
Platform modules already initialized, skipping
Refreshing native plugins compatible for Editor in 0.32 ms, found 1 plugins.
Preloading 0 native plugins for Editor in 0.00 ms.
Unloading 1786 Unused Serialized files (Serialized files now loaded: 0)
System memory in use before: 84.7 MB.
System memory in use after: 84.7 MB.

Unloading 12 unused Assets to reduce memory usage. Loaded Objects now: 2287.
Total: 1.788100 ms (FindLiveObjects: 0.184600 ms CreateObjectMapping: 0.073000 ms MarkObjects: 1.445500 ms  DeleteObjects: 0.084100 ms)

========================================================================
Received Prepare
Registering precompiled user dll's ...
Registered in 0.001680 seconds.
Begin MonoManager ReloadAssembly
Native extension for WindowsStandalone target not found
Refreshing native plugins compatible for Editor in 0.54 ms, found 1 plugins.
Preloading 0 native plugins for Editor in 0.00 ms.
Invoked RoslynAnalysisRunner static constructor.
RoslynAnalysisRunner will not be running.
RoslynAnalysisRunner has terminated.
Mono: successfully reloaded assembly
- Completed reload, in  0.812 seconds
Platform modules already initialized, skipping
Refreshing native plugins compatible for Editor in 0.34 ms, found 1 plugins.
Preloading 0 native plugins for Editor in 0.00 ms.
Unloading 1786 Unused Serialized files (Serialized files now loaded: 0)
System memory in use before: 84.8 MB.
System memory in use after: 84.8 MB.

Unloading 12 unused Assets to reduce memory usage. Loaded Objects now: 2290.
Total: 1.759300 ms (FindLiveObjects: 0.156200 ms CreateObjectMapping: 0.055300 ms MarkObjects: 1.463400 ms  DeleteObjects: 0.083500 ms)

========================================================================
Received Prepare
Registering precompiled user dll's ...
Registered in 0.001361 seconds.
Begin MonoManager ReloadAssembly
Native extension for WindowsStandalone target not found
Refreshing native plugins compatible for Editor in 0.53 ms, found 1 plugins.
Preloading 0 native plugins for Editor in 0.00 ms.
Invoked RoslynAnalysisRunner static constructor.
RoslynAnalysisRunner will not be running.
RoslynAnalysisRunner has terminated.
Mono: successfully reloaded assembly
- Completed reload, in  0.853 seconds
Platform modules already initialized, skipping
Refreshing native plugins compatible for Editor in 0.37 ms, found 1 plugins.
Preloading 0 native plugins for Editor in 0.00 ms.
Unloading 1786 Unused Serialized files (Serialized files now loaded: 0)
System memory in use before: 84.9 MB.
System memory in use after: 84.9 MB.

Unloading 12 unused Assets to reduce memory usage. Loaded Objects now: 2293.
Total: 1.840400 ms (FindLiveObjects: 0.195600 ms CreateObjectMapping: 0.071000 ms MarkObjects: 1.481200 ms  DeleteObjects: 0.091000 ms)

========================================================================
Received Prepare
Registering precompiled user dll's ...
Registered in 0.005572 seconds.
Begin MonoManager ReloadAssembly
Native extension for WindowsStandalone target not found
Refreshing native plugins compatible for Editor in 0.33 ms, found 1 plugins.
Preloading 0 native plugins for Editor in 0.00 ms.
Invoked RoslynAnalysisRunner static constructor.
RoslynAnalysisRunner will not be running.
RoslynAnalysisRunner has terminated.
Mono: successfully reloaded assembly
- Completed reload, in  0.812 seconds
Platform modules already initialized, skipping
Refreshing native plugins compatible for Editor in 0.35 ms, found 1 plugins.
Preloading 0 native plugins for Editor in 0.00 ms.
Unloading 1786 Unused Serialized files (Serialized files now loaded: 0)
System memory in use before: 84.9 MB.
System memory in use after: 84.9 MB.

Unloading 12 unused Assets to reduce memory usage. Loaded Objects now: 2296.
Total: 2.298000 ms (FindLiveObjects: 0.282000 ms CreateObjectMapping: 0.126000 ms MarkObjects: 1.793500 ms  DeleteObjects: 0.095400 ms)

========================================================================
Received Prepare
Registering precompiled user dll's ...
Registered in 0.004383 seconds.
Begin MonoManager ReloadAssembly
Native extension for WindowsStandalone target not found
Refreshing native plugins compatible for Editor in 0.35 ms, found 1 plugins.
Preloading 0 native plugins for Editor in 0.00 ms.
Invoked RoslynAnalysisRunner static constructor.
RoslynAnalysisRunner will not be running.
RoslynAnalysisRunner has terminated.
Mono: successfully reloaded assembly
- Completed reload, in  0.809 seconds
Platform modules already initialized, skipping
Refreshing native plugins compatible for Editor in 0.32 ms, found 1 plugins.
Preloading 0 native plugins for Editor in 0.00 ms.
Unloading 1786 Unused Serialized files (Serialized files now loaded: 0)
System memory in use before: 85.0 MB.
System memory in use after: 85.0 MB.

Unloading 12 unused Assets to reduce memory usage. Loaded Objects now: 2299.
Total: 1.889200 ms (FindLiveObjects: 0.285000 ms CreateObjectMapping: 0.093200 ms MarkObjects: 1.423200 ms  DeleteObjects: 0.086700 ms)

========================================================================
Received Prepare
Registering precompiled user dll's ...
Registered in 0.001156 seconds.
Begin MonoManager ReloadAssembly
Native extension for WindowsStandalone target not found
Refreshing native plugins compatible for Editor in 0.33 ms, found 1 plugins.
Preloading 0 native plugins for Editor in 0.00 ms.
Invoked RoslynAnalysisRunner static constructor.
RoslynAnalysisRunner will not be running.
RoslynAnalysisRunner has terminated.
Mono: successfully reloaded assembly
- Completed reload, in  0.841 seconds
Platform modules already initialized, skipping
Refreshing native plugins compatible for Editor in 0.32 ms, found 1 plugins.
Preloading 0 native plugins for Editor in 0.00 ms.
Unloading 1786 Unused Serialized files (Serialized files now loaded: 0)
System memory in use before: 85.1 MB.
System memory in use after: 85.1 MB.

Unloading 12 unused Assets to reduce memory usage. Loaded Objects now: 2302.
Total: 1.936400 ms (FindLiveObjects: 0.183800 ms CreateObjectMapping: 0.063300 ms MarkObjects: 1.602100 ms  DeleteObjects: 0.086300 ms)

========================================================================
Received Prepare
Registering precompiled user dll's ...
Registered in 0.001274 seconds.
Begin MonoManager ReloadAssembly
Native extension for WindowsStandalone target not found
Refreshing native plugins compatible for Editor in 0.82 ms, found 1 plugins.
Preloading 0 native plugins for Editor in 0.00 ms.
Invoked RoslynAnalysisRunner static constructor.
RoslynAnalysisRunner will not be running.
RoslynAnalysisRunner has terminated.
Mono: successfully reloaded assembly
- Completed reload, in  0.893 seconds
Platform modules already initialized, skipping
Refreshing native plugins compatible for Editor in 0.33 ms, found 1 plugins.
Preloading 0 native plugins for Editor in 0.00 ms.
Unloading 1786 Unused Serialized files (Serialized files now loaded: 0)
System memory in use before: 85.1 MB.
System memory in use after: 85.1 MB.

Unloading 12 unused Assets to reduce memory usage. Loaded Objects now: 2305.
Total: 1.835500 ms (FindLiveObjects: 0.242500 ms CreateObjectMapping: 0.073800 ms MarkObjects: 1.427600 ms  DeleteObjects: 0.089400 ms)

========================================================================
Received Prepare
Registering precompiled user dll's ...
Registered in 0.002782 seconds.
Begin MonoManager ReloadAssembly
Native extension for WindowsStandalone target not found
Refreshing native plugins compatible for Editor in 0.35 ms, found 1 plugins.
Preloading 0 native plugins for Editor in 0.00 ms.
Invoked RoslynAnalysisRunner static constructor.
RoslynAnalysisRunner will not be running.
RoslynAnalysisRunner has terminated.
Mono: successfully reloaded assembly
- Completed reload, in  0.941 seconds
Platform modules already initialized, skipping
Refreshing native plugins compatible for Editor in 0.42 ms, found 1 plugins.
Preloading 0 native plugins for Editor in 0.00 ms.
Unloading 1789 Unused Serialized files (Serialized files now loaded: 0)
System memory in use before: 85.3 MB.
System memory in use after: 85.3 MB.

Unloading 15 unused Assets to reduce memory usage. Loaded Objects now: 2308.
Total: 2.463400 ms (FindLiveObjects: 0.218600 ms CreateObjectMapping: 0.079200 ms MarkObjects: 2.064900 ms  DeleteObjects: 0.099300 ms)

========================================================================
Received Import Request.
  Time since last request: 1410.944585 seconds.
  path: Assets/JsonDotNet
  artifactKey: Guid(7272f38edd933d6418edc5f3ab976f5a) Importer(815301076,1909f56bfc062723c751e8b465ee728b)
Start importing Assets/JsonDotNet using Guid(7272f38edd933d6418edc5f3ab976f5a) Importer(815301076,1909f56bfc062723c751e8b465ee728b)  -> (artifact id: 'c4f1f4bdfd521e43091011a5010d6a68') in 0.006896 seconds
  Import took 0.010563 seconds .

========================================================================
Received Import Request.
  Time since last request: 15.148092 seconds.
  path: Assets/01. Scripts/Json2.cs
  artifactKey: Guid(aa1250c13aa9bab4d91294ae607440b5) Importer(815301076,1909f56bfc062723c751e8b465ee728b)
Start importing Assets/01. Scripts/Json2.cs using Guid(aa1250c13aa9bab4d91294ae607440b5) Importer(815301076,1909f56bfc062723c751e8b465ee728b)  -> (artifact id: 'e095886597590fb6075bd9e6b0a27d86') in 0.004767 seconds
  Import took 0.008668 seconds .

========================================================================
Received Prepare
Registering precompiled user dll's ...
Registered in 0.002868 seconds.
Begin MonoManager ReloadAssembly
Native extension for WindowsStandalone target not found
Refreshing native plugins compatible for Editor in 0.35 ms, found 1 plugins.
Preloading 0 native plugins for Editor in 0.00 ms.
Invoked RoslynAnalysisRunner static constructor.
RoslynAnalysisRunner will not be running.
RoslynAnalysisRunner has terminated.
Mono: successfully reloaded assembly
- Completed reload, in  0.979 seconds
Platform modules already initialized, skipping
Refreshing native plugins compatible for Editor in 0.37 ms, found 1 plugins.
Preloading 0 native plugins for Editor in 0.00 ms.
Unloading 1790 Unused Serialized files (Serialized files now loaded: 0)
System memory in use before: 85.4 MB.
System memory in use after: 85.4 MB.

Unloading 15 unused Assets to reduce memory usage. Loaded Objects now: 2312.
Total: 1.729100 ms (FindLiveObjects: 0.179900 ms CreateObjectMapping: 0.064800 ms MarkObjects: 1.396400 ms  DeleteObjects: 0.086800 ms)

========================================================================
Received Prepare
Registering precompiled user dll's ...
Registered in 0.003888 seconds.
Begin MonoManager ReloadAssembly
Native extension for WindowsStandalone target not found
Refreshing native plugins compatible for Editor in 0.35 ms, found 1 plugins.
Preloading 0 native plugins for Editor in 0.00 ms.
Invoked RoslynAnalysisRunner static constructor.
RoslynAnalysisRunner will not be running.
RoslynAnalysisRunner has terminated.
Mono: successfully reloaded assembly
- Completed reload, in  0.836 seconds
Platform modules already initialized, skipping
Refreshing native plugins compatible for Editor in 0.34 ms, found 1 plugins.
Preloading 0 native plugins for Editor in 0.00 ms.
Unloading 1790 Unused Serialized files (Serialized files now loaded: 0)
System memory in use before: 85.4 MB.
System memory in use after: 85.4 MB.

Unloading 15 unused Assets to reduce memory usage. Loaded Objects now: 2315.
Total: 1.770700 ms (FindLiveObjects: 0.175200 ms CreateObjectMapping: 0.065800 ms MarkObjects: 1.439000 ms  DeleteObjects: 0.089900 ms)

========================================================================
Received Import Request.
  Time since last request: 1188.253542 seconds.
  path: Assets/01. Scripts/Json2.cs
  artifactKey: Guid(aa1250c13aa9bab4d91294ae607440b5) Importer(815301076,1909f56bfc062723c751e8b465ee728b)
Start importing Assets/01. Scripts/Json2.cs using Guid(aa1250c13aa9bab4d91294ae607440b5) Importer(815301076,1909f56bfc062723c751e8b465ee728b)  -> (artifact id: 'cbcf861bd4c912e4b0e29139b00715c0') in 0.005159 seconds
  Import took 0.008410 seconds .

========================================================================
Received Prepare
Registering precompiled user dll's ...
Registered in 0.026516 seconds.
Begin MonoManager ReloadAssembly
Native extension for WindowsStandalone target not found
Refreshing native plugins compatible for Editor in 0.47 ms, found 1 plugins.
Preloading 0 native plugins for Editor in 0.00 ms.
Invoked RoslynAnalysisRunner static constructor.
RoslynAnalysisRunner will not be running.
RoslynAnalysisRunner has terminated.
Mono: successfully reloaded assembly
- Completed reload, in  0.866 seconds
Platform modules already initialized, skipping
Refreshing native plugins compatible for Editor in 0.37 ms, found 1 plugins.
Preloading 0 native plugins for Editor in 0.00 ms.
Unloading 1790 Unused Serialized files (Serialized files now loaded: 0)
System memory in use before: 85.5 MB.
System memory in use after: 85.5 MB.

Unloading 15 unused Assets to reduce memory usage. Loaded Objects now: 2318.
Total: 2.047900 ms (FindLiveObjects: 0.221700 ms CreateObjectMapping: 0.068200 ms MarkObjects: 1.668300 ms  DeleteObjects: 0.088600 ms)

========================================================================
Received Prepare
Registering precompiled user dll's ...
Registered in 0.016702 seconds.
Begin MonoManager ReloadAssembly
Native extension for WindowsStandalone target not found
Refreshing native plugins compatible for Editor in 0.57 ms, found 1 plugins.
Preloading 0 native plugins for Editor in 0.00 ms.
Invoked RoslynAnalysisRunner static constructor.
RoslynAnalysisRunner will not be running.
RoslynAnalysisRunner has terminated.
Mono: successfully reloaded assembly
- Completed reload, in  0.835 seconds
Platform modules already initialized, skipping
Refreshing native plugins compatible for Editor in 0.35 ms, found 1 plugins.
Preloading 0 native plugins for Editor in 0.00 ms.
Unloading 1790 Unused Serialized files (Serialized files now loaded: 0)
System memory in use before: 85.5 MB.
System memory in use after: 85.5 MB.

Unloading 15 unused Assets to reduce memory usage. Loaded Objects now: 2321.
Total: 2.027700 ms (FindLiveObjects: 0.226700 ms CreateObjectMapping: 0.073700 ms MarkObjects: 1.638600 ms  DeleteObjects: 0.087600 ms)

========================================================================
Received Prepare
Registering precompiled user dll's ...
Registered in 0.002625 seconds.
Begin MonoManager ReloadAssembly
Native extension for WindowsStandalone target not found
Refreshing native plugins compatible for Editor in 0.35 ms, found 1 plugins.
Preloading 0 native plugins for Editor in 0.00 ms.
Invoked RoslynAnalysisRunner static constructor.
RoslynAnalysisRunner will not be running.
RoslynAnalysisRunner has terminated.
Mono: successfully reloaded assembly
- Completed reload, in  0.876 seconds
Platform modules already initialized, skipping
Refreshing native plugins compatible for Editor in 0.47 ms, found 1 plugins.
Preloading 0 native plugins for Editor in 0.00 ms.
Unloading 1790 Unused Serialized files (Serialized files now loaded: 0)
System memory in use before: 85.6 MB.
System memory in use after: 85.6 MB.

Unloading 15 unused Assets to reduce memory usage. Loaded Objects now: 2324.
Total: 1.945900 ms (FindLiveObjects: 0.177700 ms CreateObjectMapping: 0.063900 ms MarkObjects: 1.609200 ms  DeleteObjects: 0.093900 ms)

========================================================================
Received Prepare
Registering precompiled user dll's ...
Registered in 0.002627 seconds.
Begin MonoManager ReloadAssembly
Native extension for WindowsStandalone target not found
Refreshing native plugins compatible for Editor in 0.34 ms, found 1 plugins.
Preloading 0 native plugins for Editor in 0.00 ms.
Invoked RoslynAnalysisRunner static constructor.
RoslynAnalysisRunner will not be running.
RoslynAnalysisRunner has terminated.
Mono: successfully reloaded assembly
- Completed reload, in  0.944 seconds
Platform modules already initialized, skipping
Refreshing native plugins compatible for Editor in 0.39 ms, found 1 plugins.
Preloading 0 native plugins for Editor in 0.00 ms.
Unloading 1790 Unused Serialized files (Serialized files now loaded: 0)
System memory in use before: 85.7 MB.
System memory in use after: 85.7 MB.

Unloading 15 unused Assets to reduce memory usage. Loaded Objects now: 2327.
Total: 1.900200 ms (FindLiveObjects: 0.194800 ms CreateObjectMapping: 0.071400 ms MarkObjects: 1.542300 ms  DeleteObjects: 0.090500 ms)

========================================================================
Received Prepare
Registering precompiled user dll's ...
Registered in 0.004746 seconds.
Begin MonoManager ReloadAssembly
Native extension for WindowsStandalone target not found
Refreshing native plugins compatible for Editor in 0.53 ms, found 1 plugins.
Preloading 0 native plugins for Editor in 0.00 ms.
Invoked RoslynAnalysisRunner static constructor.
RoslynAnalysisRunner will not be running.
RoslynAnalysisRunner has terminated.
Mono: successfully reloaded assembly
- Completed reload, in  1.020 seconds
Platform modules already initialized, skipping
Refreshing native plugins compatible for Editor in 0.35 ms, found 1 plugins.
Preloading 0 native plugins for Editor in 0.00 ms.
Unloading 1790 Unused Serialized files (Serialized files now loaded: 0)
System memory in use before: 85.7 MB.
System memory in use after: 85.7 MB.

Unloading 15 unused Assets to reduce memory usage. Loaded Objects now: 2330.
Total: 2.043800 ms (FindLiveObjects: 0.171500 ms CreateObjectMapping: 0.062000 ms MarkObjects: 1.710200 ms  DeleteObjects: 0.098800 ms)

========================================================================
Received Prepare
Registering precompiled user dll's ...
Registered in 0.002622 seconds.
Begin MonoManager ReloadAssembly
Native extension for WindowsStandalone target not found
Refreshing native plugins compatible for Editor in 0.35 ms, found 1 plugins.
Preloading 0 native plugins for Editor in 0.00 ms.
Invoked RoslynAnalysisRunner static constructor.
RoslynAnalysisRunner will not be running.
RoslynAnalysisRunner has terminated.
Mono: successfully reloaded assembly
- Completed reload, in  0.842 seconds
Platform modules already initialized, skipping
Refreshing native plugins compatible for Editor in 0.34 ms, found 1 plugins.
Preloading 0 native plugins for Editor in 0.00 ms.
Unloading 1790 Unused Serialized files (Serialized files now loaded: 0)
System memory in use before: 85.8 MB.
System memory in use after: 85.8 MB.

Unloading 15 unused Assets to reduce memory usage. Loaded Objects now: 2333.
Total: 2.188400 ms (FindLiveObjects: 0.285200 ms CreateObjectMapping: 0.096000 ms MarkObjects: 1.712600 ms  DeleteObjects: 0.093600 ms)

========================================================================
Received Prepare
Registering precompiled user dll's ...
Registered in 0.013985 seconds.
Begin MonoManager ReloadAssembly
Native extension for WindowsStandalone target not found
Refreshing native plugins compatible for Editor in 0.37 ms, found 1 plugins.
Preloading 0 native plugins for Editor in 0.00 ms.
Invoked RoslynAnalysisRunner static constructor.
RoslynAnalysisRunner will not be running.
RoslynAnalysisRunner has terminated.
Mono: successfully reloaded assembly
- Completed reload, in  0.845 seconds
Platform modules already initialized, skipping
Refreshing native plugins compatible for Editor in 0.36 ms, found 1 plugins.
Preloading 0 native plugins for Editor in 0.00 ms.
Unloading 1790 Unused Serialized files (Serialized files now loaded: 0)
System memory in use before: 85.9 MB.
System memory in use after: 85.9 MB.

Unloading 15 unused Assets to reduce memory usage. Loaded Objects now: 2336.
Total: 1.980400 ms (FindLiveObjects: 0.186000 ms CreateObjectMapping: 0.063700 ms MarkObjects: 1.617300 ms  DeleteObjects: 0.112100 ms)

========================================================================
Received Prepare
Registering precompiled user dll's ...
Registered in 0.002639 seconds.
Begin MonoManager ReloadAssembly
Native extension for WindowsStandalone target not found
Refreshing native plugins compatible for Editor in 0.38 ms, found 1 plugins.
Preloading 0 native plugins for Editor in 0.00 ms.
Invoked RoslynAnalysisRunner static constructor.
RoslynAnalysisRunner will not be running.
RoslynAnalysisRunner has terminated.
Mono: successfully reloaded assembly
- Completed reload, in  0.936 seconds
Platform modules already initialized, skipping
Refreshing native plugins compatible for Editor in 0.37 ms, found 1 plugins.
Preloading 0 native plugins for Editor in 0.00 ms.
Unloading 1790 Unused Serialized files (Serialized files now loaded: 0)
System memory in use before: 85.9 MB.
System memory in use after: 85.9 MB.

Unloading 15 unused Assets to reduce memory usage. Loaded Objects now: 2339.
Total: 2.310700 ms (FindLiveObjects: 0.286000 ms CreateObjectMapping: 0.091300 ms MarkObjects: 1.836000 ms  DeleteObjects: 0.095900 ms)

========================================================================
Received Prepare
Registering precompiled user dll's ...
Registered in 0.015674 seconds.
Begin MonoManager ReloadAssembly
Native extension for WindowsStandalone target not found
Refreshing native plugins compatible for Editor in 0.36 ms, found 1 plugins.
Preloading 0 native plugins for Editor in 0.00 ms.
Invoked RoslynAnalysisRunner static constructor.
RoslynAnalysisRunner will not be running.
RoslynAnalysisRunner has terminated.
Mono: successfully reloaded assembly
- Completed reload, in  0.806 seconds
Platform modules already initialized, skipping
Refreshing native plugins compatible for Editor in 0.34 ms, found 1 plugins.
Preloading 0 native plugins for Editor in 0.00 ms.
Unloading 1790 Unused Serialized files (Serialized files now loaded: 0)
System memory in use before: 86.0 MB.
System memory in use after: 86.0 MB.

Unloading 15 unused Assets to reduce memory usage. Loaded Objects now: 2342.
Total: 1.803200 ms (FindLiveObjects: 0.180500 ms CreateObjectMapping: 0.064900 ms MarkObjects: 1.466900 ms  DeleteObjects: 0.089900 ms)

========================================================================
Received Import Request.
  Time since last request: 765.072653 seconds.
  path: Assets/01. Scripts/JsonUtility.cs
  artifactKey: Guid(df455f619558a644fbf4e74263120708) Importer(815301076,1909f56bfc062723c751e8b465ee728b)
Start importing Assets/01. Scripts/JsonUtility.cs using Guid(df455f619558a644fbf4e74263120708) Importer(815301076,1909f56bfc062723c751e8b465ee728b)  -> (artifact id: '23c53f22d2de82d2bd85c0080ff29d12') in 0.006705 seconds
  Import took 0.010746 seconds .

========================================================================
Received Prepare
Registering precompiled user dll's ...
Registered in 0.015375 seconds.
Begin MonoManager ReloadAssembly
Native extension for WindowsStandalone target not found
Refreshing native plugins compatible for Editor in 0.35 ms, found 1 plugins.
Preloading 0 native plugins for Editor in 0.00 ms.
Invoked RoslynAnalysisRunner static constructor.
RoslynAnalysisRunner will not be running.
RoslynAnalysisRunner has terminated.
Mono: successfully reloaded assembly
- Completed reload, in  0.863 seconds
Platform modules already initialized, skipping
Refreshing native plugins compatible for Editor in 0.39 ms, found 1 plugins.
Preloading 0 native plugins for Editor in 0.00 ms.
Unloading 1791 Unused Serialized files (Serialized files now loaded: 0)
System memory in use before: 86.0 MB.
System memory in use after: 86.0 MB.

Unloading 15 unused Assets to reduce memory usage. Loaded Objects now: 2346.
Total: 1.914900 ms (FindLiveObjects: 0.173400 ms CreateObjectMapping: 0.067800 ms MarkObjects: 1.583800 ms  DeleteObjects: 0.088900 ms)

========================================================================
Received Import Request.
  Time since last request: 101.616221 seconds.
  path: Assets/01. Scripts/JsonUtility.cs
  artifactKey: Guid(df455f619558a644fbf4e74263120708) Importer(815301076,1909f56bfc062723c751e8b465ee728b)
Start importing Assets/01. Scripts/JsonUtility.cs using Guid(df455f619558a644fbf4e74263120708) Importer(815301076,1909f56bfc062723c751e8b465ee728b)  -> (artifact id: 'f4e5258ea155691c29895d049d06de36') in 0.007263 seconds
  Import took 0.011322 seconds .

========================================================================
Received Import Request.
  Time since last request: 0.000966 seconds.
  path: Assets/01. Scripts/JsonUtility.cs
  artifactKey: Guid(df455f619558a644fbf4e74263120708) Importer(815301076,1909f56bfc062723c751e8b465ee728b)
Start importing Assets/01. Scripts/JsonUtility.cs using Guid(df455f619558a644fbf4e74263120708) Importer(815301076,1909f56bfc062723c751e8b465ee728b)  -> (artifact id: 'f4e5258ea155691c29895d049d06de36') in 0.003416 seconds
  Import took 0.006690 seconds .

========================================================================
Received Import Request.
  Time since last request: 4.240096 seconds.
  path: Assets/01. Scripts/JsonUtilitySystem.cs
  artifactKey: Guid(df455f619558a644fbf4e74263120708) Importer(815301076,1909f56bfc062723c751e8b465ee728b)
Start importing Assets/01. Scripts/JsonUtilitySystem.cs using Guid(df455f619558a644fbf4e74263120708) Importer(815301076,1909f56bfc062723c751e8b465ee728b)  -> (artifact id: '84736f3d78b9d1b5137cd8b929c3cd12') in 0.004562 seconds
  Import took 0.007346 seconds .

========================================================================
Received Prepare
Registering precompiled user dll's ...
Registered in 0.002888 seconds.
Begin MonoManager ReloadAssembly
Native extension for WindowsStandalone target not found
Refreshing native plugins compatible for Editor in 0.35 ms, found 1 plugins.
Preloading 0 native plugins for Editor in 0.00 ms.
Invoked RoslynAnalysisRunner static constructor.
RoslynAnalysisRunner will not be running.
RoslynAnalysisRunner has terminated.
Mono: successfully reloaded assembly
- Completed reload, in  0.780 seconds
Platform modules already initialized, skipping
Refreshing native plugins compatible for Editor in 0.33 ms, found 1 plugins.
Preloading 0 native plugins for Editor in 0.00 ms.
Unloading 1791 Unused Serialized files (Serialized files now loaded: 0)
System memory in use before: 85.1 MB.
System memory in use after: 85.1 MB.

Unloading 15 unused Assets to reduce memory usage. Loaded Objects now: 2349.
Total: 1.986300 ms (FindLiveObjects: 0.194000 ms CreateObjectMapping: 0.064800 ms MarkObjects: 1.640900 ms  DeleteObjects: 0.085800 ms)

========================================================================
Received Import Request.
  Time since last request: 144.092446 seconds.
  path: Assets/01. Scripts/JsonUtilitySystem.cs
  artifactKey: Guid(df455f619558a644fbf4e74263120708) Importer(815301076,1909f56bfc062723c751e8b465ee728b)
Start importing Assets/01. Scripts/JsonUtilitySystem.cs using Guid(df455f619558a644fbf4e74263120708) Importer(815301076,1909f56bfc062723c751e8b465ee728b)  -> (artifact id: '46f3c82f3885c186efaf139dc4374b3d') in 0.005046 seconds
  Import took 0.008234 seconds .

========================================================================
Received Import Request.
  Time since last request: 0.000634 seconds.
  path: Assets/01. Scripts/JsonUtilitySystem.cs
  artifactKey: Guid(df455f619558a644fbf4e74263120708) Importer(815301076,1909f56bfc062723c751e8b465ee728b)
Start importing Assets/01. Scripts/JsonUtilitySystem.cs using Guid(df455f619558a644fbf4e74263120708) Importer(815301076,1909f56bfc062723c751e8b465ee728b)  -> (artifact id: '46f3c82f3885c186efaf139dc4374b3d') in 0.002776 seconds
  Import took 0.005345 seconds .

========================================================================
Received Prepare
Registering precompiled user dll's ...
Registered in 0.017217 seconds.
Begin MonoManager ReloadAssembly
Native extension for WindowsStandalone target not found
Refreshing native plugins compatible for Editor in 0.44 ms, found 1 plugins.
Preloading 0 native plugins for Editor in 0.00 ms.
Invoked RoslynAnalysisRunner static constructor.
RoslynAnalysisRunner will not be running.
RoslynAnalysisRunner has terminated.
Mono: successfully reloaded assembly
- Completed reload, in  0.921 seconds
Platform modules already initialized, skipping
Refreshing native plugins compatible for Editor in 0.54 ms, found 1 plugins.
Preloading 0 native plugins for Editor in 0.00 ms.
Unloading 1791 Unused Serialized files (Serialized files now loaded: 0)
System memory in use before: 85.2 MB.
System memory in use after: 85.2 MB.

Unloading 15 unused Assets to reduce memory usage. Loaded Objects now: 2352.
Total: 2.742900 ms (FindLiveObjects: 0.360000 ms CreateObjectMapping: 0.146900 ms MarkObjects: 2.120900 ms  DeleteObjects: 0.113200 ms)

========================================================================
Received Prepare
Registering precompiled user dll's ...
Registered in 0.003133 seconds.
Begin MonoManager ReloadAssembly
Native extension for WindowsStandalone target not found
Refreshing native plugins compatible for Editor in 0.50 ms, found 1 plugins.
Preloading 0 native plugins for Editor in 0.00 ms.
Invoked RoslynAnalysisRunner static constructor.
RoslynAnalysisRunner will not be running.
RoslynAnalysisRunner has terminated.
Mono: successfully reloaded assembly
- Completed reload, in  1.015 seconds
Platform modules already initialized, skipping
Refreshing native plugins compatible for Editor in 0.45 ms, found 1 plugins.
Preloading 0 native plugins for Editor in 0.00 ms.
Unloading 1791 Unused Serialized files (Serialized files now loaded: 0)
System memory in use before: 85.2 MB.
System memory in use after: 85.2 MB.

Unloading 15 unused Assets to reduce memory usage. Loaded Objects now: 2355.
Total: 2.760100 ms (FindLiveObjects: 0.290900 ms CreateObjectMapping: 0.125100 ms MarkObjects: 2.206300 ms  DeleteObjects: 0.136200 ms)

========================================================================
Received Prepare
Registering precompiled user dll's ...
Registered in 0.002704 seconds.
Begin MonoManager ReloadAssembly
Native extension for WindowsStandalone target not found
Refreshing native plugins compatible for Editor in 0.37 ms, found 1 plugins.
Preloading 0 native plugins for Editor in 0.00 ms.
Invoked RoslynAnalysisRunner static constructor.
RoslynAnalysisRunner will not be running.
RoslynAnalysisRunner has terminated.
Mono: successfully reloaded assembly
- Completed reload, in  0.981 seconds
Platform modules already initialized, skipping
Refreshing native plugins compatible for Editor in 0.48 ms, found 1 plugins.
Preloading 0 native plugins for Editor in 0.00 ms.
Unloading 1791 Unused Serialized files (Serialized files now loaded: 0)
System memory in use before: 85.3 MB.
System memory in use after: 85.3 MB.

Unloading 15 unused Assets to reduce memory usage. Loaded Objects now: 2358.
Total: 2.780200 ms (FindLiveObjects: 0.272600 ms CreateObjectMapping: 0.112600 ms MarkObjects: 2.264200 ms  DeleteObjects: 0.129300 ms)

========================================================================
Received Prepare
Registering precompiled user dll's ...
Registered in 0.003099 seconds.
Begin MonoManager ReloadAssembly
Native extension for WindowsStandalone target not found
Refreshing native plugins compatible for Editor in 1.78 ms, found 1 plugins.
Preloading 0 native plugins for Editor in 0.00 ms.
Invoked RoslynAnalysisRunner static constructor.
RoslynAnalysisRunner will not be running.
RoslynAnalysisRunner has terminated.
Mono: successfully reloaded assembly
- Completed reload, in  0.921 seconds
Platform modules already initialized, skipping
Refreshing native plugins compatible for Editor in 0.37 ms, found 1 plugins.
Preloading 0 native plugins for Editor in 0.00 ms.
Unloading 1791 Unused Serialized files (Serialized files now loaded: 0)
System memory in use before: 85.4 MB.
System memory in use after: 85.4 MB.

Unloading 15 unused Assets to reduce memory usage. Loaded Objects now: 2361.
Total: 2.293800 ms (FindLiveObjects: 0.283000 ms CreateObjectMapping: 0.114400 ms MarkObjects: 1.798000 ms  DeleteObjects: 0.097300 ms)

========================================================================
Received Prepare
Registering precompiled user dll's ...
Registered in 0.002868 seconds.
Begin MonoManager ReloadAssembly
Native extension for WindowsStandalone target not found
Refreshing native plugins compatible for Editor in 0.37 ms, found 1 plugins.
Preloading 0 native plugins for Editor in 0.00 ms.
Invoked RoslynAnalysisRunner static constructor.
RoslynAnalysisRunner will not be running.
RoslynAnalysisRunner has terminated.
Mono: successfully reloaded assembly
- Completed reload, in  0.844 seconds
Platform modules already initialized, skipping
Refreshing native plugins compatible for Editor in 0.37 ms, found 1 plugins.
Preloading 0 native plugins for Editor in 0.00 ms.
Unloading 1791 Unused Serialized files (Serialized files now loaded: 0)
System memory in use before: 85.4 MB.
System memory in use after: 85.4 MB.

Unloading 15 unused Assets to reduce memory usage. Loaded Objects now: 2364.
Total: 2.014300 ms (FindLiveObjects: 0.267800 ms CreateObjectMapping: 0.099900 ms MarkObjects: 1.558200 ms  DeleteObjects: 0.087500 ms)

========================================================================
Received Prepare
Registering precompiled user dll's ...
Registered in 0.002680 seconds.
Begin MonoManager ReloadAssembly
Native extension for WindowsStandalone target not found
Refreshing native plugins compatible for Editor in 0.37 ms, found 1 plugins.
Preloading 0 native plugins for Editor in 0.00 ms.
Invoked RoslynAnalysisRunner static constructor.
RoslynAnalysisRunner will not be running.
RoslynAnalysisRunner has terminated.
Mono: successfully reloaded assembly
- Completed reload, in  0.910 seconds
Platform modules already initialized, skipping
Refreshing native plugins compatible for Editor in 0.34 ms, found 1 plugins.
Preloading 0 native plugins for Editor in 0.00 ms.
Unloading 1791 Unused Serialized files (Serialized files now loaded: 0)
System memory in use before: 85.5 MB.
System memory in use after: 85.5 MB.

Unloading 15 unused Assets to reduce memory usage. Loaded Objects now: 2367.
Total: 2.167900 ms (FindLiveObjects: 0.206300 ms CreateObjectMapping: 0.074600 ms MarkObjects: 1.799800 ms  DeleteObjects: 0.086200 ms)

========================================================================
Received Prepare
Registering precompiled user dll's ...
Registered in 0.004738 seconds.
Begin MonoManager ReloadAssembly
Native extension for WindowsStandalone target not found
Refreshing native plugins compatible for Editor in 0.64 ms, found 1 plugins.
Preloading 0 native plugins for Editor in 0.00 ms.
Invoked RoslynAnalysisRunner static constructor.
RoslynAnalysisRunner will not be running.
RoslynAnalysisRunner has terminated.
Mono: successfully reloaded assembly
- Completed reload, in  1.061 seconds
Platform modules already initialized, skipping
Refreshing native plugins compatible for Editor in 0.53 ms, found 1 plugins.
Preloading 0 native plugins for Editor in 0.00 ms.
Unloading 1791 Unused Serialized files (Serialized files now loaded: 0)
System memory in use before: 85.5 MB.
System memory in use after: 85.5 MB.

Unloading 15 unused Assets to reduce memory usage. Loaded Objects now: 2370.
Total: 2.868500 ms (FindLiveObjects: 0.350700 ms CreateObjectMapping: 0.102500 ms MarkObjects: 2.274100 ms  DeleteObjects: 0.139600 ms)

========================================================================
Received Prepare
Registering precompiled user dll's ...
Registered in 0.002728 seconds.
Begin MonoManager ReloadAssembly
Native extension for WindowsStandalone target not found
Refreshing native plugins compatible for Editor in 0.34 ms, found 1 plugins.
Preloading 0 native plugins for Editor in 0.00 ms.
Invoked RoslynAnalysisRunner static constructor.
RoslynAnalysisRunner will not be running.
RoslynAnalysisRunner has terminated.
Mono: successfully reloaded assembly
- Completed reload, in  0.828 seconds
Platform modules already initialized, skipping
Refreshing native plugins compatible for Editor in 0.38 ms, found 1 plugins.
Preloading 0 native plugins for Editor in 0.00 ms.
Unloading 1791 Unused Serialized files (Serialized files now loaded: 0)
System memory in use before: 85.6 MB.
System memory in use after: 85.6 MB.

Unloading 15 unused Assets to reduce memory usage. Loaded Objects now: 2373.
Total: 2.152200 ms (FindLiveObjects: 0.183400 ms CreateObjectMapping: 0.069600 ms MarkObjects: 1.760900 ms  DeleteObjects: 0.136900 ms)

AssetImportWorkerClient::OnTransportError - code=2 error=End of file
